

Started GET "/" for 127.0.0.1 at 2011-11-22 20:41:44 -0600

ActionController::RoutingError (No route matches [GET] "/"):
  

Rendered /Users/zsherm/.rvm/gems/ruby-1.9.2-p290@subscripty/gems/actionpack-3.1.1/lib/action_dispatch/middleware/templates/rescues/routing_error.erb within rescues/layout (12.5ms)


Started GET "/" for 127.0.0.1 at 2011-11-22 20:45:56 -0600

SyntaxError (/Users/zsherm/Desktop/subscripty/app/helpers/application_helper.rb:11: syntax error, unexpected keyword_end, expecting $end):
  app/controllers/application_controller.rb:1:in `<top (required)>'
  app/controllers/pages_controller.rb:1:in `<top (required)>'

Rendered /Users/zsherm/.rvm/gems/ruby-1.9.2-p290@subscripty/gems/actionpack-3.1.1/lib/action_dispatch/middleware/templates/rescues/_trace.erb (1.2ms)
Rendered /Users/zsherm/.rvm/gems/ruby-1.9.2-p290@subscripty/gems/actionpack-3.1.1/lib/action_dispatch/middleware/templates/rescues/_request_and_response.erb (19.3ms)
Rendered /Users/zsherm/.rvm/gems/ruby-1.9.2-p290@subscripty/gems/actionpack-3.1.1/lib/action_dispatch/middleware/templates/rescues/diagnostics.erb within rescues/layout (37.6ms)


Started GET "/" for 127.0.0.1 at 2011-11-22 20:47:09 -0600

SyntaxError (/Users/zsherm/Desktop/subscripty/app/helpers/application_helper.rb:11: syntax error, unexpected keyword_end, expecting $end):
  app/controllers/application_controller.rb:1:in `<top (required)>'
  app/controllers/pages_controller.rb:1:in `<top (required)>'

Rendered /Users/zsherm/.rvm/gems/ruby-1.9.2-p290@subscripty/gems/actionpack-3.1.1/lib/action_dispatch/middleware/templates/rescues/_trace.erb (1.4ms)
Rendered /Users/zsherm/.rvm/gems/ruby-1.9.2-p290@subscripty/gems/actionpack-3.1.1/lib/action_dispatch/middleware/templates/rescues/_request_and_response.erb (0.8ms)
Rendered /Users/zsherm/.rvm/gems/ruby-1.9.2-p290@subscripty/gems/actionpack-3.1.1/lib/action_dispatch/middleware/templates/rescues/diagnostics.erb within rescues/layout (4.3ms)


Started GET "/" for 127.0.0.1 at 2011-11-22 20:47:28 -0600
  Processing by PagesController#home as HTML
Completed 500 Internal Server Error in 79ms

ActionView::MissingTemplate (Missing template pages/home, application/home with {:handlers=>[:erb, :builder, :coffee], :formats=>[:html], :locale=>[:en, :en]}. Searched in:
  * "/Users/zsherm/Desktop/subscripty/app/views"
  * "/Users/zsherm/.rvm/gems/ruby-1.9.2-p290@subscripty/gems/devise-1.4.9/app/views"
):
  

Rendered /Users/zsherm/.rvm/gems/ruby-1.9.2-p290@subscripty/gems/actionpack-3.1.1/lib/action_dispatch/middleware/templates/rescues/missing_template.erb within rescues/layout (0.5ms)


Started GET "/" for 127.0.0.1 at 2011-11-22 20:48:01 -0600
  Processing by PagesController#home as HTML
Completed 500 Internal Server Error in 5ms

ActionView::MissingTemplate (Missing template pages/home, application/home with {:handlers=>[:erb, :builder, :coffee], :formats=>[:html], :locale=>[:en, :en]}. Searched in:
  * "/Users/zsherm/Desktop/subscripty/app/views"
  * "/Users/zsherm/.rvm/gems/ruby-1.9.2-p290@subscripty/gems/devise-1.4.9/app/views"
):
  

Rendered /Users/zsherm/.rvm/gems/ruby-1.9.2-p290@subscripty/gems/actionpack-3.1.1/lib/action_dispatch/middleware/templates/rescues/missing_template.erb within rescues/layout (0.4ms)


Started GET "/" for 127.0.0.1 at 2011-11-22 20:49:13 -0600
  Processing by PagesController#home as HTML
Rendered pages/home.html.erb within layouts/application (13.8ms)
Completed 500 Internal Server Error in 19ms

ActionView::Template::Error (undefined local variable or method `signup_path' for #<#<Class:0x00000100c06fd8>:0x00000100bfab48>):
    5:       <a href="http://railstutorial.org/">Ruby on Rails Tutorial</a>
    6:       sample application.
    7:     </p>
    8: <%= link_to "Sign up now!", signup_path, :class => "signup_button round" %>
  app/views/pages/home.html.erb:8:in `_app_views_pages_home_html_erb__554287083869386001_2153761900'

Rendered /Users/zsherm/.rvm/gems/ruby-1.9.2-p290@subscripty/gems/actionpack-3.1.1/lib/action_dispatch/middleware/templates/rescues/_trace.erb (1.1ms)
Rendered /Users/zsherm/.rvm/gems/ruby-1.9.2-p290@subscripty/gems/actionpack-3.1.1/lib/action_dispatch/middleware/templates/rescues/_request_and_response.erb (0.8ms)
Rendered /Users/zsherm/.rvm/gems/ruby-1.9.2-p290@subscripty/gems/actionpack-3.1.1/lib/action_dispatch/middleware/templates/rescues/template_error.erb within rescues/layout (4.0ms)


Started GET "/" for 127.0.0.1 at 2011-11-22 20:49:46 -0600
  Processing by PagesController#home as HTML
Rendered pages/home.html.erb within layouts/application (0.3ms)
Compiled application.js  (3ms)  (pid 25467)
Compiled jquery.js  (27ms)  (pid 25467)
Compiled jquery_ujs.js  (0ms)  (pid 25467)
Compiled pages.js  (162ms)  (pid 25467)
Completed 200 OK in 348ms (Views: 348.0ms | ActiveRecord: 0.0ms)


Started GET "/assets/jquery_ujs.js?body=1" for 127.0.0.1 at 2011-11-22 20:49:46 -0600
Served asset /jquery_ujs.js - 200 OK (6ms)


Started GET "/assets/jquery.js?body=1" for 127.0.0.1 at 2011-11-22 20:49:46 -0600
Served asset /jquery.js - 200 OK (4ms)


Started GET "/assets/pages.js?body=1" for 127.0.0.1 at 2011-11-22 20:49:46 -0600
Served asset /pages.js - 200 OK (2ms)


Started GET "/assets/all.css" for 127.0.0.1 at 2011-11-22 20:49:46 -0600
Served asset /all.css - 404 Not Found (2ms)

ActionController::RoutingError (No route matches [GET] "/assets/all.css"):
  

Rendered /Users/zsherm/.rvm/gems/ruby-1.9.2-p290@subscripty/gems/actionpack-3.1.1/lib/action_dispatch/middleware/templates/rescues/routing_error.erb within rescues/layout (0.6ms)


Started GET "/assets/application.js?body=1" for 127.0.0.1 at 2011-11-22 20:49:46 -0600
Served asset /application.js - 200 OK (0ms)


Started GET "/assets/logo.png" for 127.0.0.1 at 2011-11-22 20:49:47 -0600
Served asset /logo.png - 404 Not Found (3ms)

ActionController::RoutingError (No route matches [GET] "/assets/logo.png"):
  

Rendered /Users/zsherm/.rvm/gems/ruby-1.9.2-p290@subscripty/gems/actionpack-3.1.1/lib/action_dispatch/middleware/templates/rescues/routing_error.erb within rescues/layout (0.6ms)


Started GET "/" for 127.0.0.1 at 2011-11-22 20:51:42 -0600
  Processing by PagesController#home as HTML
Rendered pages/home.html.erb within layouts/application (0.0ms)
Completed 200 OK in 9ms (Views: 8.9ms | ActiveRecord: 0.0ms)


Started GET "/assets/pages.js?body=1" for 127.0.0.1 at 2011-11-22 20:51:43 -0600
Served asset /pages.js - 304 Not Modified (0ms)


Started GET "/assets/all.css" for 127.0.0.1 at 2011-11-22 20:51:43 -0600
Served asset /all.css - 404 Not Found (2ms)

ActionController::RoutingError (No route matches [GET] "/assets/all.css"):
  

Rendered /Users/zsherm/.rvm/gems/ruby-1.9.2-p290@subscripty/gems/actionpack-3.1.1/lib/action_dispatch/middleware/templates/rescues/routing_error.erb within rescues/layout (0.6ms)


Started GET "/assets/application.js?body=1" for 127.0.0.1 at 2011-11-22 20:51:43 -0600
Served asset /application.js - 304 Not Modified (0ms)


Started GET "/assets/logo.png" for 127.0.0.1 at 2011-11-22 20:51:43 -0600
Served asset /logo.png - 404 Not Found (3ms)

ActionController::RoutingError (No route matches [GET] "/assets/logo.png"):
  

Rendered /Users/zsherm/.rvm/gems/ruby-1.9.2-p290@subscripty/gems/actionpack-3.1.1/lib/action_dispatch/middleware/templates/rescues/routing_error.erb within rescues/layout (0.6ms)


Started GET "/" for 127.0.0.1 at 2011-11-22 20:57:31 -0600
  Processing by PagesController#home as HTML
Rendered pages/home.html.erb within layouts/application (0.0ms)
Rendered layouts/_stylesheets.html.erb (45.4ms)
Rendered layouts/_header.html.erb (39.6ms)
Completed 500 Internal Server Error in 122ms

ActionView::Template::Error (undefined local variable or method `logo' for #<#<Class:0x00000100bfbd90>:0x00000100bf3488>):
    1: <header>
    2:   <%= link_to logo, root_path %>
    3:   <nav class="round">
    4:     <ul>
    5:       <li><%= link_to "Home", root_path %></li>
  app/views/layouts/_header.html.erb:2:in `_app_views_layouts__header_html_erb___502917773894110325_2190367340'
  app/views/layouts/application.html.erb:10:in `_app_views_layouts_application_html_erb___2520470882508171123_2153767320'

Rendered /Users/zsherm/.rvm/gems/ruby-1.9.2-p290@subscripty/gems/actionpack-3.1.1/lib/action_dispatch/middleware/templates/rescues/_trace.erb (1.0ms)
Rendered /Users/zsherm/.rvm/gems/ruby-1.9.2-p290@subscripty/gems/actionpack-3.1.1/lib/action_dispatch/middleware/templates/rescues/_request_and_response.erb (0.7ms)
Rendered /Users/zsherm/.rvm/gems/ruby-1.9.2-p290@subscripty/gems/actionpack-3.1.1/lib/action_dispatch/middleware/templates/rescues/template_error.erb within rescues/layout (3.6ms)


Started GET "/" for 127.0.0.1 at 2011-11-22 21:01:36 -0600
  Processing by PagesController#home as HTML
Rendered pages/home.html.erb within layouts/application (0.1ms)
Rendered layouts/_stylesheets.html.erb (12.5ms)
Rendered layouts/_header.html.erb (66.6ms)
Completed 500 Internal Server Error in 87ms

ActionView::Template::Error (undefined local variable or method `rails' for #<#<Class:0x0000010516ed78>:0x00000105162b40>):
    1: <header>
    2:   <%= link_to rails, root_path %>
    3:   <nav class="round">
    4:     <ul>
    5:       <li><%= link_to "Home", root_path %></li>
  app/views/layouts/_header.html.erb:2:in `_app_views_layouts__header_html_erb___502917773894110325_2178541900'
  app/views/layouts/application.html.erb:10:in `_app_views_layouts_application_html_erb___2520470882508171123_2153767320'

Rendered /Users/zsherm/.rvm/gems/ruby-1.9.2-p290@subscripty/gems/actionpack-3.1.1/lib/action_dispatch/middleware/templates/rescues/_trace.erb (1.0ms)
Rendered /Users/zsherm/.rvm/gems/ruby-1.9.2-p290@subscripty/gems/actionpack-3.1.1/lib/action_dispatch/middleware/templates/rescues/_request_and_response.erb (0.8ms)
Rendered /Users/zsherm/.rvm/gems/ruby-1.9.2-p290@subscripty/gems/actionpack-3.1.1/lib/action_dispatch/middleware/templates/rescues/template_error.erb within rescues/layout (3.8ms)


Started GET "/" for 127.0.0.1 at 2011-11-22 21:04:22 -0600
  Processing by PagesController#home as HTML
Rendered pages/home.html.erb within layouts/application (0.0ms)
Rendered layouts/_stylesheets.html.erb (14.3ms)
Rendered layouts/_header.html.erb (66.5ms)
Completed 500 Internal Server Error in 91ms

ActionView::Template::Error (undefined local variable or method `rails' for #<#<Class:0x00000102a65128>:0x00000102a615c8>):
    1: <header>
    2:   <%= link_to rails, root_path %>
    3:   <nav class="round">
    4:     <ul>
    5:       <li><%= link_to "Home", root_path %></li>
  app/views/layouts/_header.html.erb:2:in `_app_views_layouts__header_html_erb___502917773894110325_2178541900'
  app/views/layouts/application.html.erb:11:in `_app_views_layouts_application_html_erb___2520470882508171123_2169711460'

Rendered /Users/zsherm/.rvm/gems/ruby-1.9.2-p290@subscripty/gems/actionpack-3.1.1/lib/action_dispatch/middleware/templates/rescues/_trace.erb (1.0ms)
Rendered /Users/zsherm/.rvm/gems/ruby-1.9.2-p290@subscripty/gems/actionpack-3.1.1/lib/action_dispatch/middleware/templates/rescues/_request_and_response.erb (0.7ms)
Rendered /Users/zsherm/.rvm/gems/ruby-1.9.2-p290@subscripty/gems/actionpack-3.1.1/lib/action_dispatch/middleware/templates/rescues/template_error.erb within rescues/layout (3.6ms)


Started GET "/" for 127.0.0.1 at 2011-11-22 21:06:08 -0600
  Processing by PagesController#home as HTML
Rendered pages/home.html.erb within layouts/application (0.1ms)
Rendered layouts/_stylesheets.html.erb (39.5ms)
Rendered layouts/_header.html.erb (38.8ms)
Completed 500 Internal Server Error in 89ms

ActionView::Template::Error (undefined local variable or method `rails' for #<#<Class:0x000001021fde68>:0x000001021bd3e0>):
    1: <header>
    2:   <%= link_to rails, root_path %>
    3:   <nav class="round">
    4:     <ul>
    5:       <li><%= link_to "Home", root_path %></li>
  app/views/layouts/_header.html.erb:2:in `_app_views_layouts__header_html_erb___502917773894110325_2178541900'
  app/views/layouts/application.html.erb:10:in `_app_views_layouts_application_html_erb___2520470882508171123_2165326100'

Rendered /Users/zsherm/.rvm/gems/ruby-1.9.2-p290@subscripty/gems/actionpack-3.1.1/lib/action_dispatch/middleware/templates/rescues/_trace.erb (1.0ms)
Rendered /Users/zsherm/.rvm/gems/ruby-1.9.2-p290@subscripty/gems/actionpack-3.1.1/lib/action_dispatch/middleware/templates/rescues/_request_and_response.erb (0.7ms)
Rendered /Users/zsherm/.rvm/gems/ruby-1.9.2-p290@subscripty/gems/actionpack-3.1.1/lib/action_dispatch/middleware/templates/rescues/template_error.erb within rescues/layout (3.7ms)


Started GET "/" for 127.0.0.1 at 2011-11-22 21:06:23 -0600
  Processing by PagesController#home as HTML
Rendered pages/home.html.erb within layouts/application (0.0ms)
Rendered layouts/_stylesheets.html.erb (12.4ms)
Rendered layouts/_header.html.erb (1.8ms)
Rendered layouts/_footer.html.erb (1.1ms)
Completed 200 OK in 48ms (Views: 47.6ms | ActiveRecord: 0.0ms)


Started GET "/assets/defaults.js" for 127.0.0.1 at 2011-11-22 21:06:23 -0600
Served asset /defaults.js - 404 Not Found (2ms)

ActionController::RoutingError (No route matches [GET] "/assets/defaults.js"):
  

Rendered /Users/zsherm/.rvm/gems/ruby-1.9.2-p290@subscripty/gems/actionpack-3.1.1/lib/action_dispatch/middleware/templates/rescues/routing_error.erb within rescues/layout (0.9ms)


Started GET "/assets/custom.css" for 127.0.0.1 at 2011-11-22 21:06:23 -0600
Served asset /custom.css - 404 Not Found (2ms)

ActionController::RoutingError (No route matches [GET] "/assets/custom.css"):
  

Rendered /Users/zsherm/.rvm/gems/ruby-1.9.2-p290@subscripty/gems/actionpack-3.1.1/lib/action_dispatch/middleware/templates/rescues/routing_error.erb within rescues/layout (0.6ms)


Started GET "/assets/blueprint/screen.css" for 127.0.0.1 at 2011-11-22 21:06:23 -0600
Served asset /blueprint/screen.css - 404 Not Found (2ms)

ActionController::RoutingError (No route matches [GET] "/assets/blueprint/screen.css"):
  

Rendered /Users/zsherm/.rvm/gems/ruby-1.9.2-p290@subscripty/gems/actionpack-3.1.1/lib/action_dispatch/middleware/templates/rescues/routing_error.erb within rescues/layout (0.5ms)


Started GET "/assets/rails.png" for 127.0.0.1 at 2011-11-22 21:06:23 -0600
Served asset /rails.png - 200 OK (8ms)


Started GET "/assets/blueprint/print.css" for 127.0.0.1 at 2011-11-22 21:06:23 -0600
Served asset /blueprint/print.css - 404 Not Found (3ms)

ActionController::RoutingError (No route matches [GET] "/assets/blueprint/print.css"):
  

Rendered /Users/zsherm/.rvm/gems/ruby-1.9.2-p290@subscripty/gems/actionpack-3.1.1/lib/action_dispatch/middleware/templates/rescues/routing_error.erb within rescues/layout (1.3ms)


Started GET "/" for 127.0.0.1 at 2011-11-22 21:07:30 -0600
  Processing by PagesController#home as HTML
Rendered pages/home.html.erb within layouts/application (0.0ms)
Compiled custom.css  (0ms)  (pid 25467)
Rendered layouts/_stylesheets.html.erb (79.6ms)
Completed 500 Internal Server Error in 86ms

ActionView::Template::Error (undefined method `styelsheet_link_tag' for #<#<Class:0x000001051d1888>:0x000001051cda30>):
    5: <%= stylesheet_link_tag 'blueprint/print',  :media => 'print' %>
    6: <!--[if lt IE 8]><%= stylesheet_link_tag 'blueprint/ie' %><![endif]-->
    7: <%= stylesheet_link_tag 'custom', :media => 'screen' %>
    8: <%= styelsheet_link_tag :all %>
  app/views/layouts/_stylesheets.html.erb:8:in `_app_views_layouts__stylesheets_html_erb__3929532194957427002_2190358520'
  app/views/layouts/application.html.erb:5:in `_app_views_layouts_application_html_erb___2520470882508171123_2165326100'

Rendered /Users/zsherm/.rvm/gems/ruby-1.9.2-p290@subscripty/gems/actionpack-3.1.1/lib/action_dispatch/middleware/templates/rescues/_trace.erb (1.0ms)
Rendered /Users/zsherm/.rvm/gems/ruby-1.9.2-p290@subscripty/gems/actionpack-3.1.1/lib/action_dispatch/middleware/templates/rescues/_request_and_response.erb (0.7ms)
Rendered /Users/zsherm/.rvm/gems/ruby-1.9.2-p290@subscripty/gems/actionpack-3.1.1/lib/action_dispatch/middleware/templates/rescues/template_error.erb within rescues/layout (3.4ms)


Started GET "/" for 127.0.0.1 at 2011-11-22 21:07:43 -0600
  Processing by PagesController#home as HTML
Rendered pages/home.html.erb within layouts/application (0.0ms)
Rendered layouts/_stylesheets.html.erb (9.7ms)
Rendered layouts/_header.html.erb (1.3ms)
Rendered layouts/_footer.html.erb (0.8ms)
Completed 200 OK in 22ms (Views: 21.7ms | ActiveRecord: 0.0ms)


Started GET "/assets/defaults.js" for 127.0.0.1 at 2011-11-22 21:07:43 -0600
Served asset /defaults.js - 404 Not Found (2ms)

ActionController::RoutingError (No route matches [GET] "/assets/defaults.js"):
  

Rendered /Users/zsherm/.rvm/gems/ruby-1.9.2-p290@subscripty/gems/actionpack-3.1.1/lib/action_dispatch/middleware/templates/rescues/routing_error.erb within rescues/layout (0.6ms)


Started GET "/assets/blueprint/screen.css" for 127.0.0.1 at 2011-11-22 21:07:43 -0600
Served asset /blueprint/screen.css - 404 Not Found (2ms)

ActionController::RoutingError (No route matches [GET] "/assets/blueprint/screen.css"):
  

Rendered /Users/zsherm/.rvm/gems/ruby-1.9.2-p290@subscripty/gems/actionpack-3.1.1/lib/action_dispatch/middleware/templates/rescues/routing_error.erb within rescues/layout (0.6ms)


Started GET "/assets/custom.css?body=1" for 127.0.0.1 at 2011-11-22 21:07:43 -0600
Served asset /custom.css - 200 OK (0ms)


Started GET "/assets/rails.png" for 127.0.0.1 at 2011-11-22 21:07:43 -0600
Served asset /rails.png - 304 Not Modified (0ms)


Started GET "/assets/blueprint/print.css" for 127.0.0.1 at 2011-11-22 21:07:43 -0600
Served asset /blueprint/print.css - 404 Not Found (3ms)

ActionController::RoutingError (No route matches [GET] "/assets/blueprint/print.css"):
  

Rendered /Users/zsherm/.rvm/gems/ruby-1.9.2-p290@subscripty/gems/actionpack-3.1.1/lib/action_dispatch/middleware/templates/rescues/routing_error.erb within rescues/layout (0.7ms)


Started GET "/" for 127.0.0.1 at 2011-11-22 21:13:06 -0600
  Processing by PagesController#home as HTML
Rendered pages/home.html.erb within layouts/application (0.0ms)
Compiled blueprint/screen.css  (0ms)  (pid 25467)
Compiled blueprint/print.css  (0ms)  (pid 25467)
Compiled blueprint/ie.css  (0ms)  (pid 25467)
Rendered layouts/_stylesheets.html.erb (80.7ms)
Rendered layouts/_header.html.erb (1.1ms)
Rendered layouts/_footer.html.erb (0.6ms)
Completed 200 OK in 92ms (Views: 91.8ms | ActiveRecord: 0.0ms)


Started GET "/assets/blueprint/screen.css?body=1" for 127.0.0.1 at 2011-11-22 21:13:07 -0600
Served asset /blueprint/screen.css - 200 OK (0ms)


Started GET "/assets/defaults.js" for 127.0.0.1 at 2011-11-22 21:13:07 -0600
Served asset /defaults.js - 404 Not Found (2ms)

ActionController::RoutingError (No route matches [GET] "/assets/defaults.js"):
  

Rendered /Users/zsherm/.rvm/gems/ruby-1.9.2-p290@subscripty/gems/actionpack-3.1.1/lib/action_dispatch/middleware/templates/rescues/routing_error.erb within rescues/layout (0.8ms)


Started GET "/assets/custom.css?body=1" for 127.0.0.1 at 2011-11-22 21:13:07 -0600
Served asset /custom.css - 304 Not Modified (0ms)


Started GET "/assets/rails.png" for 127.0.0.1 at 2011-11-22 21:13:07 -0600
Served asset /rails.png - 304 Not Modified (0ms)


Started GET "/assets/blueprint/print.css?body=1" for 127.0.0.1 at 2011-11-22 21:13:07 -0600
Served asset /blueprint/print.css - 200 OK (0ms)


Started GET "/" for 127.0.0.1 at 2011-11-22 21:14:12 -0600
  Processing by PagesController#home as HTML
Rendered pages/home.html.erb within layouts/application (0.0ms)
Rendered layouts/_stylesheets.html.erb (1.6ms)
Rendered layouts/_header.html.erb (1.1ms)
Rendered layouts/_footer.html.erb (0.5ms)
Completed 200 OK in 15ms (Views: 14.2ms | ActiveRecord: 0.0ms)


Started GET "/assets/custom.css?body=1" for 127.0.0.1 at 2011-11-22 21:14:12 -0600
Served asset /custom.css - 304 Not Modified (0ms)


Started GET "/assets/defaults.js" for 127.0.0.1 at 2011-11-22 21:14:12 -0600
Served asset /defaults.js - 404 Not Found (2ms)

ActionController::RoutingError (No route matches [GET] "/assets/defaults.js"):
  

Rendered /Users/zsherm/.rvm/gems/ruby-1.9.2-p290@subscripty/gems/actionpack-3.1.1/lib/action_dispatch/middleware/templates/rescues/routing_error.erb within rescues/layout (0.7ms)


Started GET "/assets/rails.png" for 127.0.0.1 at 2011-11-22 21:14:12 -0600
Served asset /rails.png - 304 Not Modified (0ms)


Started GET "/" for 127.0.0.1 at 2011-11-22 21:14:14 -0600
  Processing by PagesController#home as HTML
Rendered pages/home.html.erb within layouts/application (0.1ms)
Rendered layouts/_stylesheets.html.erb (3.1ms)
Rendered layouts/_header.html.erb (1.0ms)
Rendered layouts/_footer.html.erb (0.6ms)
Completed 200 OK in 16ms (Views: 16.0ms | ActiveRecord: 0.0ms)


Started GET "/assets/custom.css?body=1" for 127.0.0.1 at 2011-11-22 21:14:15 -0600
Served asset /custom.css - 304 Not Modified (0ms)


Started GET "/assets/defaults.js" for 127.0.0.1 at 2011-11-22 21:14:15 -0600
Served asset /defaults.js - 404 Not Found (2ms)

ActionController::RoutingError (No route matches [GET] "/assets/defaults.js"):
  

Rendered /Users/zsherm/.rvm/gems/ruby-1.9.2-p290@subscripty/gems/actionpack-3.1.1/lib/action_dispatch/middleware/templates/rescues/routing_error.erb within rescues/layout (0.6ms)


Started GET "/assets/rails.png" for 127.0.0.1 at 2011-11-22 21:14:15 -0600
Served asset /rails.png - 304 Not Modified (0ms)


Started GET "/" for 127.0.0.1 at 2011-11-22 21:14:15 -0600
  Processing by PagesController#home as HTML
Rendered pages/home.html.erb within layouts/application (0.0ms)
Rendered layouts/_stylesheets.html.erb (1.6ms)
Rendered layouts/_header.html.erb (1.1ms)
Rendered layouts/_footer.html.erb (0.6ms)
Completed 200 OK in 12ms (Views: 12.0ms | ActiveRecord: 0.0ms)


Started GET "/assets/custom.css?body=1" for 127.0.0.1 at 2011-11-22 21:14:15 -0600
Served asset /custom.css - 304 Not Modified (0ms)


Started GET "/assets/defaults.js" for 127.0.0.1 at 2011-11-22 21:14:15 -0600
Served asset /defaults.js - 404 Not Found (3ms)

ActionController::RoutingError (No route matches [GET] "/assets/defaults.js"):
  

Rendered /Users/zsherm/.rvm/gems/ruby-1.9.2-p290@subscripty/gems/actionpack-3.1.1/lib/action_dispatch/middleware/templates/rescues/routing_error.erb within rescues/layout (0.7ms)


Started GET "/assets/rails.png" for 127.0.0.1 at 2011-11-22 21:14:15 -0600
Served asset /rails.png - 304 Not Modified (0ms)


Started GET "/" for 127.0.0.1 at 2011-11-22 21:16:09 -0600
  Processing by PagesController#home as HTML
Rendered pages/home.html.erb within layouts/application (0.7ms)
Rendered layouts/_stylesheets.html.erb (2.1ms)
Rendered layouts/_header.html.erb (1.1ms)
Rendered layouts/_footer.html.erb (0.8ms)
Completed 200 OK in 16ms (Views: 15.9ms | ActiveRecord: 0.0ms)


Started GET "/assets/custom.css?body=1" for 127.0.0.1 at 2011-11-22 21:16:09 -0600
Served asset /custom.css - 304 Not Modified (0ms)


Started GET "/assets/blueprint/screen.css?body=1" for 127.0.0.1 at 2011-11-22 21:16:09 -0600
Served asset /blueprint/screen.css - 304 Not Modified (0ms)


Started GET "/assets/defaults.js" for 127.0.0.1 at 2011-11-22 21:16:09 -0600
Served asset /defaults.js - 404 Not Found (2ms)

ActionController::RoutingError (No route matches [GET] "/assets/defaults.js"):
  

Rendered /Users/zsherm/.rvm/gems/ruby-1.9.2-p290@subscripty/gems/actionpack-3.1.1/lib/action_dispatch/middleware/templates/rescues/routing_error.erb within rescues/layout (0.6ms)


Started GET "/assets/rails.png" for 127.0.0.1 at 2011-11-22 21:16:09 -0600
Served asset /rails.png - 304 Not Modified (0ms)


Started GET "/assets/blueprint/print.css?body=1" for 127.0.0.1 at 2011-11-22 21:16:09 -0600
Served asset /blueprint/print.css - 304 Not Modified (0ms)


Started GET "/" for 127.0.0.1 at 2011-11-22 21:20:16 -0600
  Processing by PagesController#home as HTML
Rendered pages/home.html.erb within layouts/application (0.1ms)
Rendered layouts/_stylesheets.html.erb (1.7ms)
Rendered layouts/_header.html.erb (1.0ms)
Rendered layouts/_footer.html.erb (0.6ms)
Completed 200 OK in 12ms (Views: 12.0ms | ActiveRecord: 0.0ms)


Started GET "/assets/defaults.js" for 127.0.0.1 at 2011-11-22 21:20:16 -0600
Served asset /defaults.js - 404 Not Found (2ms)

ActionController::RoutingError (No route matches [GET] "/assets/defaults.js"):
  

Rendered /Users/zsherm/.rvm/gems/ruby-1.9.2-p290@subscripty/gems/actionpack-3.1.1/lib/action_dispatch/middleware/templates/rescues/routing_error.erb within rescues/layout (0.6ms)


Started GET "/assets/custom.css?body=1" for 127.0.0.1 at 2011-11-22 21:20:16 -0600
Served asset /custom.css - 304 Not Modified (0ms)


Started GET "/assets/blueprint/screen.css?body=1" for 127.0.0.1 at 2011-11-22 21:20:16 -0600
Served asset /blueprint/screen.css - 304 Not Modified (0ms)


Started GET "/assets/rails.png" for 127.0.0.1 at 2011-11-22 21:20:16 -0600
Served asset /rails.png - 304 Not Modified (0ms)


Started GET "/assets/blueprint/print.css?body=1" for 127.0.0.1 at 2011-11-22 21:20:16 -0600
Served asset /blueprint/print.css - 304 Not Modified (0ms)
  [1m[36m (45.7ms)[0m  [1mCREATE TABLE `schema_migrations` (`version` varchar(255) NOT NULL) ENGINE=InnoDB[0m
  [1m[35m (188.5ms)[0m  CREATE UNIQUE INDEX `unique_schema_migrations` ON `schema_migrations` (`version`)
  [1m[36m (0.2ms)[0m  [1mSELECT `schema_migrations`.`version` FROM `schema_migrations` [0m
  [1m[36m (0.4ms)[0m  [1mSELECT `schema_migrations`.`version` FROM `schema_migrations` [0m
  [1m[36m (0.2ms)[0m  [1mSELECT `schema_migrations`.`version` FROM `schema_migrations` [0m
  [1m[35m (45.9ms)[0m  DROP DATABASE IF EXISTS `subscripty2_test`
  [1m[36m (25.5ms)[0m  [1mCREATE DATABASE `subscripty2_test` DEFAULT CHARACTER SET `utf8` COLLATE `utf8_unicode_ci`[0m
  [1m[35m (55.1ms)[0m  CREATE TABLE `schema_migrations` (`version` varchar(255) NOT NULL) ENGINE=InnoDB
  [1m[36m (162.3ms)[0m  [1mCREATE UNIQUE INDEX `unique_schema_migrations` ON `schema_migrations` (`version`)[0m
  [1m[35m (0.1ms)[0m  SELECT version FROM `schema_migrations`
  [1m[36m (0.5ms)[0m  [1mINSERT INTO `schema_migrations` (version) VALUES ('0')[0m
  [1m[36m (0.3ms)[0m  [1mSELECT `schema_migrations`.`version` FROM `schema_migrations` [0m
Migrating to DeviseCreateUsers (20111123032703)
  [1m[35m (47.8ms)[0m  CREATE TABLE `users` (`id` int(11) DEFAULT NULL auto_increment PRIMARY KEY, `email` varchar(255) DEFAULT '' NOT NULL, `encrypted_password` varchar(128) DEFAULT '' NOT NULL, `reset_password_token` varchar(255), `reset_password_sent_at` datetime, `remember_created_at` datetime, `sign_in_count` int(11) DEFAULT 0, `current_sign_in_at` datetime, `last_sign_in_at` datetime, `current_sign_in_ip` varchar(255), `last_sign_in_ip` varchar(255), `created_at` datetime, `updated_at` datetime) ENGINE=InnoDB
  [1m[36m (158.5ms)[0m  [1mCREATE UNIQUE INDEX `index_users_on_email` ON `users` (`email`)[0m
  [1m[35m (120.8ms)[0m  CREATE UNIQUE INDEX `index_users_on_reset_password_token` ON `users` (`reset_password_token`)
  [1m[36m (0.5ms)[0m  [1mINSERT INTO `schema_migrations` (`version`) VALUES ('20111123032703')[0m
  [1m[35m (0.3ms)[0m  SELECT `schema_migrations`.`version` FROM `schema_migrations` 
  [1m[36m (0.3ms)[0m  [1mSELECT `schema_migrations`.`version` FROM `schema_migrations` [0m
  [1m[35m (1.2ms)[0m  DROP DATABASE IF EXISTS `subscripty2_test`
  [1m[36m (3.3ms)[0m  [1mCREATE DATABASE `subscripty2_test` DEFAULT CHARACTER SET `utf8` COLLATE `utf8_unicode_ci`[0m
  [1m[35m (47.4ms)[0m  CREATE TABLE `users` (`id` int(11) DEFAULT NULL auto_increment PRIMARY KEY, `email` varchar(255) DEFAULT '' NOT NULL, `encrypted_password` varchar(128) DEFAULT '' NOT NULL, `reset_password_token` varchar(255), `reset_password_sent_at` datetime, `remember_created_at` datetime, `sign_in_count` int(11) DEFAULT 0, `current_sign_in_at` datetime, `last_sign_in_at` datetime, `current_sign_in_ip` varchar(255), `last_sign_in_ip` varchar(255), `created_at` datetime, `updated_at` datetime) ENGINE=InnoDB
  [1m[36m (180.7ms)[0m  [1mCREATE UNIQUE INDEX `index_users_on_email` ON `users` (`email`)[0m
  [1m[35m (77.8ms)[0m  CREATE UNIQUE INDEX `index_users_on_reset_password_token` ON `users` (`reset_password_token`)
  [1m[36m (116.3ms)[0m  [1mCREATE TABLE `schema_migrations` (`version` varchar(255) NOT NULL) ENGINE=InnoDB[0m
  [1m[35m (130.2ms)[0m  CREATE UNIQUE INDEX `unique_schema_migrations` ON `schema_migrations` (`version`)
  [1m[36m (0.2ms)[0m  [1mSELECT version FROM `schema_migrations`[0m
  [1m[35m (0.3ms)[0m  INSERT INTO `schema_migrations` (version) VALUES ('20111123032703')


Started GET "/" for 127.0.0.1 at 2011-11-22 21:29:25 -0600
  Processing by PagesController#home as HTML
Rendered pages/home.html.erb within layouts/application (11.5ms)
Rendered layouts/_stylesheets.html.erb (10.0ms)
Rendered layouts/_header.html.erb (2.2ms)
Rendered layouts/_footer.html.erb (0.9ms)
Completed 200 OK in 80ms (Views: 79.8ms | ActiveRecord: 0.0ms)


Started GET "/assets/defaults.js" for 127.0.0.1 at 2011-11-22 21:29:26 -0600
Served asset /defaults.js - 404 Not Found (2ms)

ActionController::RoutingError (No route matches [GET] "/assets/defaults.js"):
  

Rendered /Users/zsherm/.rvm/gems/ruby-1.9.2-p290@subscripty/gems/actionpack-3.1.1/lib/action_dispatch/middleware/templates/rescues/routing_error.erb within rescues/layout (0.6ms)


Started GET "/assets/blueprint/screen.css?body=1" for 127.0.0.1 at 2011-11-22 21:29:26 -0600
Served asset /blueprint/screen.css - 304 Not Modified (0ms)


Started GET "/assets/custom.css?body=1" for 127.0.0.1 at 2011-11-22 21:29:26 -0600
Served asset /custom.css - 304 Not Modified (0ms)


Started GET "/assets/rails.png" for 127.0.0.1 at 2011-11-22 21:29:26 -0600
Served asset /rails.png - 304 Not Modified (1ms)


Started GET "/assets/blueprint/print.css?body=1" for 127.0.0.1 at 2011-11-22 21:29:26 -0600
Served asset /blueprint/print.css - 304 Not Modified (0ms)


Started GET "/users/sign_up" for 127.0.0.1 at 2011-11-22 21:30:00 -0600
  Processing by Devise::RegistrationsController#new as HTML
Rendered /Users/zsherm/.rvm/gems/ruby-1.9.2-p290@subscripty/gems/devise-1.4.9/app/views/devise/shared/_links.erb (1.6ms)
Rendered /Users/zsherm/.rvm/gems/ruby-1.9.2-p290@subscripty/gems/devise-1.4.9/app/views/devise/registrations/new.html.erb within layouts/application (26.9ms)
Rendered layouts/_stylesheets.html.erb (1.5ms)
Rendered layouts/_header.html.erb (1.4ms)
Rendered layouts/_footer.html.erb (0.6ms)
Completed 200 OK in 173ms (Views: 31.4ms | ActiveRecord: 32.9ms)


Started GET "/assets/custom.css?body=1" for 127.0.0.1 at 2011-11-22 21:30:00 -0600
Served asset /custom.css - 304 Not Modified (0ms)


Started GET "/assets/blueprint/screen.css?body=1" for 127.0.0.1 at 2011-11-22 21:30:00 -0600
Served asset /blueprint/screen.css - 304 Not Modified (0ms)


Started GET "/assets/defaults.js" for 127.0.0.1 at 2011-11-22 21:30:00 -0600
Served asset /defaults.js - 404 Not Found (2ms)

ActionController::RoutingError (No route matches [GET] "/assets/defaults.js"):
  

Rendered /Users/zsherm/.rvm/gems/ruby-1.9.2-p290@subscripty/gems/actionpack-3.1.1/lib/action_dispatch/middleware/templates/rescues/routing_error.erb within rescues/layout (0.5ms)


Started GET "/assets/rails.png" for 127.0.0.1 at 2011-11-22 21:30:01 -0600
Served asset /rails.png - 304 Not Modified (0ms)


Started GET "/assets/blueprint/print.css?body=1" for 127.0.0.1 at 2011-11-22 21:30:01 -0600
Served asset /blueprint/print.css - 304 Not Modified (0ms)


Started GET "/" for 127.0.0.1 at 2011-11-22 21:30:05 -0600
  Processing by PagesController#home as HTML
Rendered pages/home.html.erb within layouts/application (0.2ms)
Rendered layouts/_stylesheets.html.erb (1.6ms)
Rendered layouts/_header.html.erb (7.7ms)
Rendered layouts/_footer.html.erb (0.6ms)
Completed 200 OK in 19ms (Views: 19.0ms | ActiveRecord: 0.0ms)


Started GET "/assets/blueprint/screen.css?body=1" for 127.0.0.1 at 2011-11-22 21:30:05 -0600
Served asset /blueprint/screen.css - 304 Not Modified (0ms)


Started GET "/assets/defaults.js" for 127.0.0.1 at 2011-11-22 21:30:05 -0600
Served asset /defaults.js - 404 Not Found (2ms)

ActionController::RoutingError (No route matches [GET] "/assets/defaults.js"):
  

Rendered /Users/zsherm/.rvm/gems/ruby-1.9.2-p290@subscripty/gems/actionpack-3.1.1/lib/action_dispatch/middleware/templates/rescues/routing_error.erb within rescues/layout (0.5ms)


Started GET "/assets/custom.css?body=1" for 127.0.0.1 at 2011-11-22 21:30:05 -0600
Served asset /custom.css - 304 Not Modified (0ms)


Started GET "/assets/rails.png" for 127.0.0.1 at 2011-11-22 21:30:05 -0600
Served asset /rails.png - 304 Not Modified (0ms)


Started GET "/assets/blueprint/print.css?body=1" for 127.0.0.1 at 2011-11-22 21:30:05 -0600
Served asset /blueprint/print.css - 304 Not Modified (0ms)
  [1m[36m (0.3ms)[0m  [1mSELECT `schema_migrations`.`version` FROM `schema_migrations` [0m
Migrating to DeviseCreateUsers (20111123032703)
Migrating to AddConfirmableFieldsToUsers (20111123033118)
  [1m[35m (65.9ms)[0m  ALTER TABLE `users` ADD `confirmation_token` varchar(255)
  [1m[36m (190.5ms)[0m  [1mALTER TABLE `users` ADD `confirmed_at` datetime[0m
  [1m[35m (96.8ms)[0m  ALTER TABLE `users` ADD `confirmation_sent_at` datetime
  [1m[36m (0.7ms)[0m  [1mINSERT INTO `schema_migrations` (`version`) VALUES ('20111123033118')[0m
  [1m[35m (0.3ms)[0m  SELECT `schema_migrations`.`version` FROM `schema_migrations` 


Started GET "/" for 127.0.0.1 at 2011-11-22 21:34:31 -0600
  Processing by PagesController#home as HTML
Rendered pages/home.html.erb within layouts/application (11.7ms)
Rendered layouts/_stylesheets.html.erb (9.7ms)
Rendered layouts/_header.html.erb (29.4ms)
Rendered layouts/_footer.html.erb (0.9ms)
Completed 200 OK in 106ms (Views: 105.6ms | ActiveRecord: 0.0ms)


Started GET "/assets/defaults.js" for 127.0.0.1 at 2011-11-22 21:34:32 -0600
Served asset /defaults.js - 404 Not Found (2ms)

ActionController::RoutingError (No route matches [GET] "/assets/defaults.js"):
  

Rendered /Users/zsherm/.rvm/gems/ruby-1.9.2-p290@subscripty/gems/actionpack-3.1.1/lib/action_dispatch/middleware/templates/rescues/routing_error.erb within rescues/layout (0.6ms)


Started GET "/assets/blueprint/screen.css?body=1" for 127.0.0.1 at 2011-11-22 21:34:32 -0600
Served asset /blueprint/screen.css - 304 Not Modified (0ms)


Started GET "/assets/custom.css?body=1" for 127.0.0.1 at 2011-11-22 21:34:32 -0600
Served asset /custom.css - 304 Not Modified (0ms)


Started GET "/assets/rails.png" for 127.0.0.1 at 2011-11-22 21:34:32 -0600
Served asset /rails.png - 304 Not Modified (2ms)


Started GET "/assets/blueprint/print.css?body=1" for 127.0.0.1 at 2011-11-22 21:34:32 -0600
Served asset /blueprint/print.css - 304 Not Modified (0ms)


Started GET "/users/sign_up" for 127.0.0.1 at 2011-11-22 21:34:35 -0600
  Processing by Devise::RegistrationsController#new as HTML
Rendered /Users/zsherm/.rvm/gems/ruby-1.9.2-p290@subscripty/gems/devise-1.4.9/app/views/devise/shared/_links.erb (1.8ms)
Rendered /Users/zsherm/.rvm/gems/ruby-1.9.2-p290@subscripty/gems/devise-1.4.9/app/views/devise/registrations/new.html.erb within layouts/application (30.2ms)
Rendered layouts/_stylesheets.html.erb (1.5ms)
Rendered layouts/_header.html.erb (31.8ms)
Rendered layouts/_footer.html.erb (0.6ms)
Completed 200 OK in 208ms (Views: 64.8ms | ActiveRecord: 31.2ms)


Started GET "/assets/custom.css?body=1" for 127.0.0.1 at 2011-11-22 21:34:36 -0600
Served asset /custom.css - 304 Not Modified (0ms)


Started GET "/assets/defaults.js" for 127.0.0.1 at 2011-11-22 21:34:36 -0600
Served asset /defaults.js - 404 Not Found (2ms)

ActionController::RoutingError (No route matches [GET] "/assets/defaults.js"):
  

Rendered /Users/zsherm/.rvm/gems/ruby-1.9.2-p290@subscripty/gems/actionpack-3.1.1/lib/action_dispatch/middleware/templates/rescues/routing_error.erb within rescues/layout (0.5ms)


Started GET "/assets/blueprint/screen.css?body=1" for 127.0.0.1 at 2011-11-22 21:34:36 -0600
Served asset /blueprint/screen.css - 304 Not Modified (0ms)


Started GET "/assets/rails.png" for 127.0.0.1 at 2011-11-22 21:34:36 -0600
Served asset /rails.png - 304 Not Modified (0ms)


Started GET "/assets/blueprint/print.css?body=1" for 127.0.0.1 at 2011-11-22 21:34:36 -0600
Served asset /blueprint/print.css - 304 Not Modified (0ms)


Started POST "/users" for 127.0.0.1 at 2011-11-22 21:34:44 -0600
  Processing by Devise::RegistrationsController#create as HTML
  Parameters: {"utf8"=>"✓", "authenticity_token"=>"JT81JGUG69JmSdIRSKsKTSnCKP2axLXTqs3NpMVT2X4=", "user"=>{"email"=>"zksherm@gmail.com", "password"=>"[FILTERED]", "password_confirmation"=>"[FILTERED]"}, "commit"=>"Sign up"}
  [1m[36m (0.2ms)[0m  [1mBEGIN[0m
  [1m[35m (0.3ms)[0m  SELECT 1 FROM `users` WHERE `users`.`email` = BINARY 'zksherm@gmail.com' LIMIT 1
  [1m[36mUser Load (0.5ms)[0m  [1mSELECT `users`.* FROM `users` WHERE `users`.`confirmation_token` = 'xt59yFKjbKf4e3Z4YVyA' LIMIT 1[0m
  [1m[35mSQL (0.3ms)[0m  INSERT INTO `users` (`confirmation_sent_at`, `confirmation_token`, `confirmed_at`, `created_at`, `current_sign_in_at`, `current_sign_in_ip`, `email`, `encrypted_password`, `last_sign_in_at`, `last_sign_in_ip`, `remember_created_at`, `reset_password_sent_at`, `reset_password_token`, `sign_in_count`, `updated_at`) VALUES ('2011-11-23 03:34:44', 'xt59yFKjbKf4e3Z4YVyA', NULL, '2011-11-23 03:34:44', NULL, NULL, 'zksherm@gmail.com', '$2a$10$6Wl8VcynAFtFOwRv66vlL.Ax37ITGDYOSokeg0U.Ng6dVk8PRMmnW', NULL, NULL, NULL, NULL, NULL, 0, '2011-11-23 03:34:44')
Rendered /Users/zsherm/.rvm/gems/ruby-1.9.2-p290@subscripty/gems/devise-1.4.9/app/views/devise/mailer/confirmation_instructions.html.erb (0.9ms)

Sent mail to zksherm@gmail.com (94ms)
Date: Tue, 22 Nov 2011 21:34:46 -0600
From: please-change-me-at-config-initializers-devise@example.com
Reply-To: please-change-me-at-config-initializers-devise@example.com
To: zksherm@gmail.com
Message-ID: <4ecc69d6af251_6593826268a862439@Zachary-Shermans-MacBook-Pro.local.mail>
Subject: Confirmation instructions
Mime-Version: 1.0
Content-Type: text/html;
 charset=UTF-8
Content-Transfer-Encoding: 7bit

<p>Welcome zksherm@gmail.com!</p>

<p>You can confirm your account through the link below:</p>

<p><a href="http://localhost:3000/users/confirmation?confirmation_token=xt59yFKjbKf4e3Z4YVyA">Confirm my account</a></p>
  [1m[36m (0.4ms)[0m  [1mCOMMIT[0m
Redirected to http://localhost:3000/
Completed 302 Found in 2457ms


Started GET "/" for 127.0.0.1 at 2011-11-22 21:34:46 -0600
  Processing by PagesController#home as HTML
Rendered pages/home.html.erb within layouts/application (0.1ms)
Rendered layouts/_stylesheets.html.erb (1.5ms)
Rendered layouts/_header.html.erb (9.0ms)
Rendered layouts/_footer.html.erb (0.6ms)
Completed 200 OK in 59ms (Views: 58.2ms | ActiveRecord: 0.0ms)


Started GET "/assets/custom.css?body=1" for 127.0.0.1 at 2011-11-22 21:34:46 -0600
Served asset /custom.css - 304 Not Modified (0ms)


Started GET "/assets/blueprint/screen.css?body=1" for 127.0.0.1 at 2011-11-22 21:34:46 -0600
Served asset /blueprint/screen.css - 304 Not Modified (0ms)


Started GET "/assets/defaults.js" for 127.0.0.1 at 2011-11-22 21:34:46 -0600
Served asset /defaults.js - 404 Not Found (2ms)

ActionController::RoutingError (No route matches [GET] "/assets/defaults.js"):
  

Rendered /Users/zsherm/.rvm/gems/ruby-1.9.2-p290@subscripty/gems/actionpack-3.1.1/lib/action_dispatch/middleware/templates/rescues/routing_error.erb within rescues/layout (0.6ms)


Started GET "/assets/rails.png" for 127.0.0.1 at 2011-11-22 21:34:46 -0600
Served asset /rails.png - 304 Not Modified (0ms)


Started GET "/assets/blueprint/print.css?body=1" for 127.0.0.1 at 2011-11-22 21:34:46 -0600
Served asset /blueprint/print.css - 304 Not Modified (0ms)


Started GET "/" for 127.0.0.1 at 2011-11-22 21:35:34 -0600
  Processing by PagesController#home as HTML
Rendered pages/home.html.erb within layouts/application (0.1ms)
Rendered layouts/_stylesheets.html.erb (1.6ms)
Rendered layouts/_header.html.erb (9.0ms)
Rendered layouts/_footer.html.erb (0.8ms)
Completed 200 OK in 22ms (Views: 21.3ms | ActiveRecord: 0.0ms)


Started GET "/assets/defaults.js" for 127.0.0.1 at 2011-11-22 21:35:34 -0600
Served asset /defaults.js - 404 Not Found (2ms)

ActionController::RoutingError (No route matches [GET] "/assets/defaults.js"):
  

Rendered /Users/zsherm/.rvm/gems/ruby-1.9.2-p290@subscripty/gems/actionpack-3.1.1/lib/action_dispatch/middleware/templates/rescues/routing_error.erb within rescues/layout (0.5ms)


Started GET "/assets/custom.css?body=1" for 127.0.0.1 at 2011-11-22 21:35:34 -0600
Served asset /custom.css - 304 Not Modified (0ms)


Started GET "/assets/blueprint/screen.css?body=1" for 127.0.0.1 at 2011-11-22 21:35:34 -0600
Served asset /blueprint/screen.css - 304 Not Modified (0ms)


Started GET "/assets/rails.png" for 127.0.0.1 at 2011-11-22 21:35:34 -0600
Served asset /rails.png - 304 Not Modified (0ms)


Started GET "/assets/blueprint/print.css?body=1" for 127.0.0.1 at 2011-11-22 21:35:34 -0600
Served asset /blueprint/print.css - 304 Not Modified (0ms)


Started GET "/users/sign_up" for 127.0.0.1 at 2011-11-22 21:35:38 -0600
  Processing by Devise::RegistrationsController#new as HTML
Rendered /Users/zsherm/.rvm/gems/ruby-1.9.2-p290@subscripty/gems/devise-1.4.9/app/views/devise/shared/_links.erb (1.2ms)
Rendered /Users/zsherm/.rvm/gems/ruby-1.9.2-p290@subscripty/gems/devise-1.4.9/app/views/devise/registrations/new.html.erb within layouts/application (25.3ms)
Rendered layouts/_stylesheets.html.erb (1.5ms)
Rendered layouts/_header.html.erb (1.4ms)
Rendered layouts/_footer.html.erb (0.5ms)
Completed 200 OK in 57ms (Views: 29.4ms | ActiveRecord: 18.6ms)


Started GET "/assets/blueprint/screen.css?body=1" for 127.0.0.1 at 2011-11-22 21:35:38 -0600
Served asset /blueprint/screen.css - 304 Not Modified (0ms)


Started GET "/assets/defaults.js" for 127.0.0.1 at 2011-11-22 21:35:38 -0600
Served asset /defaults.js - 404 Not Found (2ms)

ActionController::RoutingError (No route matches [GET] "/assets/defaults.js"):
  

Rendered /Users/zsherm/.rvm/gems/ruby-1.9.2-p290@subscripty/gems/actionpack-3.1.1/lib/action_dispatch/middleware/templates/rescues/routing_error.erb within rescues/layout (0.5ms)


Started GET "/assets/custom.css?body=1" for 127.0.0.1 at 2011-11-22 21:35:38 -0600
Served asset /custom.css - 304 Not Modified (0ms)


Started GET "/assets/rails.png" for 127.0.0.1 at 2011-11-22 21:35:38 -0600
Served asset /rails.png - 304 Not Modified (0ms)


Started GET "/assets/blueprint/print.css?body=1" for 127.0.0.1 at 2011-11-22 21:35:39 -0600
Served asset /blueprint/print.css - 304 Not Modified (0ms)


Started GET "/users/sign_up" for 127.0.0.1 at 2011-11-22 21:36:42 -0600
  Processing by Devise::RegistrationsController#new as HTML
Rendered /Users/zsherm/.rvm/gems/ruby-1.9.2-p290@subscripty/gems/devise-1.4.9/app/views/devise/shared/_links.erb (1.4ms)
Rendered /Users/zsherm/.rvm/gems/ruby-1.9.2-p290@subscripty/gems/devise-1.4.9/app/views/devise/registrations/new.html.erb within layouts/application (27.3ms)
Rendered layouts/_stylesheets.html.erb (1.8ms)
Rendered layouts/_header.html.erb (2.4ms)
Rendered layouts/_footer.html.erb (0.6ms)
Completed 200 OK in 99ms (Views: 70.7ms | ActiveRecord: 18.0ms)


Started GET "/assets/blueprint/screen.css?body=1" for 127.0.0.1 at 2011-11-22 21:36:42 -0600
Served asset /blueprint/screen.css - 304 Not Modified (0ms)


Started GET "/assets/custom.css?body=1" for 127.0.0.1 at 2011-11-22 21:36:42 -0600
Served asset /custom.css - 304 Not Modified (0ms)


Started GET "/assets/defaults.js" for 127.0.0.1 at 2011-11-22 21:36:42 -0600
Served asset /defaults.js - 404 Not Found (3ms)

ActionController::RoutingError (No route matches [GET] "/assets/defaults.js"):
  

Rendered /Users/zsherm/.rvm/gems/ruby-1.9.2-p290@subscripty/gems/actionpack-3.1.1/lib/action_dispatch/middleware/templates/rescues/routing_error.erb within rescues/layout (0.6ms)


Started GET "/assets/rails.png" for 127.0.0.1 at 2011-11-22 21:36:42 -0600
Served asset /rails.png - 304 Not Modified (0ms)


Started GET "/assets/blueprint/print.css?body=1" for 127.0.0.1 at 2011-11-22 21:36:42 -0600
Served asset /blueprint/print.css - 304 Not Modified (0ms)


Started GET "/users/sign_in" for 127.0.0.1 at 2011-11-22 21:36:47 -0600
  Processing by Devise::SessionsController#new as HTML
Rendered /Users/zsherm/.rvm/gems/ruby-1.9.2-p290@subscripty/gems/devise-1.4.9/app/views/devise/shared/_links.erb (1.0ms)
Rendered /Users/zsherm/.rvm/gems/ruby-1.9.2-p290@subscripty/gems/devise-1.4.9/app/views/devise/sessions/new.html.erb within layouts/application (4.7ms)
Rendered layouts/_stylesheets.html.erb (1.7ms)
Rendered layouts/_header.html.erb (1.7ms)
Rendered layouts/_footer.html.erb (0.7ms)
Completed 200 OK in 96ms (Views: 18.7ms | ActiveRecord: 17.3ms)


Started GET "/assets/blueprint/screen.css?body=1" for 127.0.0.1 at 2011-11-22 21:36:48 -0600
Served asset /blueprint/screen.css - 304 Not Modified (0ms)


Started GET "/assets/defaults.js" for 127.0.0.1 at 2011-11-22 21:36:48 -0600
Served asset /defaults.js - 404 Not Found (3ms)

ActionController::RoutingError (No route matches [GET] "/assets/defaults.js"):
  

Rendered /Users/zsherm/.rvm/gems/ruby-1.9.2-p290@subscripty/gems/actionpack-3.1.1/lib/action_dispatch/middleware/templates/rescues/routing_error.erb within rescues/layout (0.6ms)


Started GET "/assets/custom.css?body=1" for 127.0.0.1 at 2011-11-22 21:36:48 -0600
Served asset /custom.css - 304 Not Modified (0ms)


Started GET "/assets/rails.png" for 127.0.0.1 at 2011-11-22 21:36:48 -0600
Served asset /rails.png - 304 Not Modified (0ms)


Started GET "/assets/blueprint/print.css?body=1" for 127.0.0.1 at 2011-11-22 21:36:48 -0600
Served asset /blueprint/print.css - 304 Not Modified (0ms)


Started POST "/users/sign_in" for 127.0.0.1 at 2011-11-22 21:36:54 -0600
  Processing by Devise::SessionsController#create as HTML
  Parameters: {"utf8"=>"✓", "authenticity_token"=>"JT81JGUG69JmSdIRSKsKTSnCKP2axLXTqs3NpMVT2X4=", "user"=>{"email"=>"zksherm@gmail.com", "password"=>"[FILTERED]", "remember_me"=>"0"}, "commit"=>"Sign in"}
  [1m[35mUser Load (0.5ms)[0m  SELECT `users`.* FROM `users` WHERE `users`.`email` = 'zksherm@gmail.com' LIMIT 1
  [1m[36m (0.2ms)[0m  [1mBEGIN[0m
  [1m[35m (0.4ms)[0m  UPDATE `users` SET `last_sign_in_at` = '2011-11-23 03:36:54', `current_sign_in_at` = '2011-11-23 03:36:54', `last_sign_in_ip` = '127.0.0.1', `current_sign_in_ip` = '127.0.0.1', `sign_in_count` = 1, `updated_at` = '2011-11-23 03:36:54' WHERE `users`.`id` = 1
  [1m[36m (0.4ms)[0m  [1mCOMMIT[0m
Redirected to http://localhost:3000/
Completed 302 Found in 120ms


Started GET "/" for 127.0.0.1 at 2011-11-22 21:36:54 -0600
  Processing by PagesController#home as HTML
Rendered pages/home.html.erb within layouts/application (0.2ms)
Rendered layouts/_stylesheets.html.erb (1.6ms)
  [1m[35mUser Load (0.3ms)[0m  SELECT `users`.* FROM `users` WHERE `users`.`id` = 1 LIMIT 1
Rendered layouts/_header.html.erb (46.7ms)
Rendered layouts/_footer.html.erb (0.6ms)
Completed 200 OK in 59ms (Views: 39.5ms | ActiveRecord: 19.5ms)


Started GET "/assets/blueprint/screen.css?body=1" for 127.0.0.1 at 2011-11-22 21:36:54 -0600
Served asset /blueprint/screen.css - 304 Not Modified (0ms)


Started GET "/assets/defaults.js" for 127.0.0.1 at 2011-11-22 21:36:54 -0600
Served asset /defaults.js - 404 Not Found (3ms)

ActionController::RoutingError (No route matches [GET] "/assets/defaults.js"):
  

Rendered /Users/zsherm/.rvm/gems/ruby-1.9.2-p290@subscripty/gems/actionpack-3.1.1/lib/action_dispatch/middleware/templates/rescues/routing_error.erb within rescues/layout (0.6ms)


Started GET "/assets/custom.css?body=1" for 127.0.0.1 at 2011-11-22 21:36:54 -0600
Served asset /custom.css - 304 Not Modified (0ms)


Started GET "/assets/rails.png" for 127.0.0.1 at 2011-11-22 21:36:54 -0600
Served asset /rails.png - 304 Not Modified (0ms)


Started GET "/assets/blueprint/print.css?body=1" for 127.0.0.1 at 2011-11-22 21:36:54 -0600
Served asset /blueprint/print.css - 304 Not Modified (0ms)


Started GET "/" for 127.0.0.1 at 2011-11-25 21:40:38 -0600

Mysql2::Error (Can't connect to local MySQL server through socket '/tmp/mysql.sock' (2)):
  

Rendered /Users/zsherm/.rvm/gems/ruby-1.9.2-p290@subscripty/gems/actionpack-3.1.1/lib/action_dispatch/middleware/templates/rescues/_trace.erb (1.0ms)
Rendered /Users/zsherm/.rvm/gems/ruby-1.9.2-p290@subscripty/gems/actionpack-3.1.1/lib/action_dispatch/middleware/templates/rescues/_request_and_response.erb (34.8ms)
Rendered /Users/zsherm/.rvm/gems/ruby-1.9.2-p290@subscripty/gems/actionpack-3.1.1/lib/action_dispatch/middleware/templates/rescues/diagnostics.erb within rescues/layout (51.0ms)


Started GET "/" for 127.0.0.1 at 2011-11-25 21:41:11 -0600
  Processing by PagesController#home as HTML
Rendered pages/home.html.erb within layouts/application (0.6ms)
Rendered layouts/_stylesheets.html.erb (24.9ms)
Rendered layouts/_header.html.erb (10.6ms)
Rendered layouts/_footer.html.erb (1.1ms)
Completed 200 OK in 96ms (Views: 95.3ms | ActiveRecord: 0.0ms)


Started GET "/assets/custom.css?body=1" for 127.0.0.1 at 2011-11-25 21:41:11 -0600
Served asset /custom.css - 200 OK (0ms)


Started GET "/assets/defaults.js" for 127.0.0.1 at 2011-11-25 21:41:11 -0600
Served asset /defaults.js - 404 Not Found (2ms)

ActionController::RoutingError (No route matches [GET] "/assets/defaults.js"):
  

Rendered /Users/zsherm/.rvm/gems/ruby-1.9.2-p290@subscripty/gems/actionpack-3.1.1/lib/action_dispatch/middleware/templates/rescues/routing_error.erb within rescues/layout (0.6ms)


Started GET "/assets/blueprint/screen.css?body=1" for 127.0.0.1 at 2011-11-25 21:41:11 -0600
Served asset /blueprint/screen.css - 200 OK (0ms)


Started GET "/assets/rails.png" for 127.0.0.1 at 2011-11-25 21:41:11 -0600
Served asset /rails.png - 200 OK (10ms)


Started GET "/assets/blueprint/print.css?body=1" for 127.0.0.1 at 2011-11-25 21:41:11 -0600
Served asset /blueprint/print.css - 200 OK (0ms)


Started GET "/" for 127.0.0.1 at 2011-12-02 19:23:06 -0600
  Processing by PagesController#home as HTML
Rendered pages/home.html.erb within layouts/application (12.6ms)
Rendered layouts/_stylesheets.html.erb (78.0ms)
Rendered layouts/_header.html.erb (2.8ms)
Rendered layouts/_footer.html.erb (0.9ms)
Completed 200 OK in 212ms (Views: 211.3ms | ActiveRecord: 0.0ms)


Started GET "/assets/blueprint/screen.css?body=1" for 127.0.0.1 at 2011-12-02 19:23:07 -0600
Served asset /blueprint/screen.css - 200 OK (0ms)


Started GET "/assets/custom.css?body=1" for 127.0.0.1 at 2011-12-02 19:23:07 -0600
Served asset /custom.css - 200 OK (0ms)


Started GET "/assets/defaults.js" for 127.0.0.1 at 2011-12-02 19:23:07 -0600
Served asset /defaults.js - 404 Not Found (2ms)

ActionController::RoutingError (No route matches [GET] "/assets/defaults.js"):
  

Rendered /Users/zsherm/.rvm/gems/ruby-1.9.2-p290@subscripty/gems/actionpack-3.1.1/lib/action_dispatch/middleware/templates/rescues/routing_error.erb within rescues/layout (0.6ms)


Started GET "/assets/rails.png" for 127.0.0.1 at 2011-12-02 19:23:07 -0600
Served asset /rails.png - 200 OK (10ms)


Started GET "/assets/blueprint/print.css?body=1" for 127.0.0.1 at 2011-12-02 19:23:07 -0600
Served asset /blueprint/print.css - 200 OK (0ms)


Started GET "/users/sign_in" for 127.0.0.1 at 2011-12-02 19:23:27 -0600
  Processing by Devise::SessionsController#new as HTML
Rendered /Users/zsherm/.rvm/gems/ruby-1.9.2-p290@subscripty/gems/devise-1.4.9/app/views/devise/shared/_links.erb (1.9ms)
Rendered /Users/zsherm/.rvm/gems/ruby-1.9.2-p290@subscripty/gems/devise-1.4.9/app/views/devise/sessions/new.html.erb within layouts/application (6.6ms)
Rendered layouts/_stylesheets.html.erb (1.8ms)
Rendered layouts/_header.html.erb (2.0ms)
Rendered layouts/_footer.html.erb (0.6ms)
Completed 200 OK in 303ms (Views: 34.5ms | ActiveRecord: 118.7ms)


Started GET "/assets/defaults.js" for 127.0.0.1 at 2011-12-02 19:23:28 -0600
Served asset /defaults.js - 404 Not Found (2ms)

ActionController::RoutingError (No route matches [GET] "/assets/defaults.js"):
  

Rendered /Users/zsherm/.rvm/gems/ruby-1.9.2-p290@subscripty/gems/actionpack-3.1.1/lib/action_dispatch/middleware/templates/rescues/routing_error.erb within rescues/layout (0.6ms)


Started POST "/users/sign_in" for 127.0.0.1 at 2011-12-02 19:23:35 -0600
  Processing by Devise::SessionsController#create as HTML
  Parameters: {"utf8"=>"✓", "authenticity_token"=>"Uoabfqv6TVy0p9Zpz28lW5kUHGCJwWNPrF3m0lWCTMA=", "user"=>{"email"=>"zksherm@gmail.com", "password"=>"[FILTERED]", "remember_me"=>"0"}, "commit"=>"Sign in"}
  [1m[36mUser Load (9.1ms)[0m  [1mSELECT `users`.* FROM `users` WHERE `users`.`email` = 'zksherm@gmail.com' LIMIT 1[0m
  [1m[35m (0.2ms)[0m  BEGIN
  [1m[36m (0.9ms)[0m  [1mUPDATE `users` SET `last_sign_in_at` = '2011-11-25 05:17:11', `current_sign_in_at` = '2011-12-03 01:23:35', `sign_in_count` = 10, `updated_at` = '2011-12-03 01:23:35' WHERE `users`.`id` = 1[0m
  [1m[35m (0.8ms)[0m  COMMIT
Redirected to http://localhost:3000/
Completed 302 Found in 297ms


Started GET "/" for 127.0.0.1 at 2011-12-02 19:23:35 -0600
  Processing by PagesController#home as HTML
Rendered pages/home.html.erb within layouts/application (0.1ms)
Rendered layouts/_stylesheets.html.erb (1.6ms)
  [1m[36mUser Load (0.3ms)[0m  [1mSELECT `users`.* FROM `users` WHERE `users`.`id` = 1 LIMIT 1[0m
Rendered layouts/_header.html.erb (56.3ms)
Rendered layouts/_footer.html.erb (0.8ms)
Completed 200 OK in 68ms (Views: 38.7ms | ActiveRecord: 29.4ms)


Started GET "/assets/defaults.js" for 127.0.0.1 at 2011-12-02 19:23:36 -0600
Served asset /defaults.js - 404 Not Found (3ms)

ActionController::RoutingError (No route matches [GET] "/assets/defaults.js"):
  

Rendered /Users/zsherm/.rvm/gems/ruby-1.9.2-p290@subscripty/gems/actionpack-3.1.1/lib/action_dispatch/middleware/templates/rescues/routing_error.erb within rescues/layout (0.7ms)


Started GET "/" for 127.0.0.1 at 2011-12-05 23:31:14 -0600

Mysql2::Error (Can't connect to local MySQL server through socket '/tmp/mysql.sock' (2)):
  

Rendered /Users/zsherm/.rvm/gems/ruby-1.9.2-p290@subscripty/gems/actionpack-3.1.1/lib/action_dispatch/middleware/templates/rescues/_trace.erb (26.9ms)
Rendered /Users/zsherm/.rvm/gems/ruby-1.9.2-p290@subscripty/gems/actionpack-3.1.1/lib/action_dispatch/middleware/templates/rescues/_request_and_response.erb (8.0ms)
Rendered /Users/zsherm/.rvm/gems/ruby-1.9.2-p290@subscripty/gems/actionpack-3.1.1/lib/action_dispatch/middleware/templates/rescues/diagnostics.erb within rescues/layout (49.4ms)


Started GET "/" for 127.0.0.1 at 2011-12-05 23:31:51 -0600
  Processing by PagesController#home as HTML
Rendered pages/home.html.erb within layouts/application (0.5ms)
Rendered layouts/_stylesheets.html.erb (87.6ms)
Rendered layouts/_header.html.erb (11.6ms)
Rendered layouts/_footer.html.erb (0.9ms)
Completed 200 OK in 174ms (Views: 173.3ms | ActiveRecord: 0.0ms)


Started GET "/assets/custom.css?body=1" for 127.0.0.1 at 2011-12-05 23:31:51 -0600
Served asset /custom.css - 200 OK (0ms)


Started GET "/assets/defaults.js" for 127.0.0.1 at 2011-12-05 23:31:52 -0600
Served asset /defaults.js - 404 Not Found (2ms)

ActionController::RoutingError (No route matches [GET] "/assets/defaults.js"):
  

Rendered /Users/zsherm/.rvm/gems/ruby-1.9.2-p290@subscripty/gems/actionpack-3.1.1/lib/action_dispatch/middleware/templates/rescues/routing_error.erb within rescues/layout (0.9ms)


Started GET "/assets/blueprint/screen.css?body=1" for 127.0.0.1 at 2011-12-05 23:31:52 -0600
Served asset /blueprint/screen.css - 200 OK (0ms)


Started GET "/assets/rails.png" for 127.0.0.1 at 2011-12-05 23:31:52 -0600
Served asset /rails.png - 200 OK (13ms)


Started GET "/assets/blueprint/print.css?body=1" for 127.0.0.1 at 2011-12-05 23:31:52 -0600
Served asset /blueprint/print.css - 200 OK (0ms)


Started GET "/users/sign_up" for 127.0.0.1 at 2011-12-05 23:31:53 -0600
  Processing by Devise::RegistrationsController#new as HTML
Rendered /Users/zsherm/.rvm/gems/ruby-1.9.2-p290@subscripty/gems/devise-1.4.9/app/views/devise/shared/_links.erb (2.4ms)
Rendered /Users/zsherm/.rvm/gems/ruby-1.9.2-p290@subscripty/gems/devise-1.4.9/app/views/devise/registrations/new.html.erb within layouts/application (31.6ms)
Rendered layouts/_stylesheets.html.erb (1.5ms)
Rendered layouts/_header.html.erb (1.8ms)
Rendered layouts/_footer.html.erb (0.6ms)
Completed 200 OK in 276ms (Views: 50.2ms | ActiveRecord: 111.0ms)


Started GET "/assets/defaults.js" for 127.0.0.1 at 2011-12-05 23:31:54 -0600
Served asset /defaults.js - 404 Not Found (3ms)

ActionController::RoutingError (No route matches [GET] "/assets/defaults.js"):
  

Rendered /Users/zsherm/.rvm/gems/ruby-1.9.2-p290@subscripty/gems/actionpack-3.1.1/lib/action_dispatch/middleware/templates/rescues/routing_error.erb within rescues/layout (0.6ms)


Started GET "/users/1" for 127.0.0.1 at 2011-12-05 23:31:58 -0600

ActionController::RoutingError (No route matches [GET] "/users/1"):
  

Rendered /Users/zsherm/.rvm/gems/ruby-1.9.2-p290@subscripty/gems/actionpack-3.1.1/lib/action_dispatch/middleware/templates/rescues/routing_error.erb within rescues/layout (0.6ms)


Started GET "/" for 127.0.0.1 at 2011-12-05 23:37:32 -0600
  Processing by PagesController#home as HTML
Rendered pages/home.html.erb within layouts/application (0.1ms)
Rendered layouts/_stylesheets.html.erb (1.8ms)
Rendered layouts/_header.html.erb (11.4ms)
Rendered layouts/_footer.html.erb (0.6ms)
Completed 200 OK in 31ms (Views: 30.3ms | ActiveRecord: 0.0ms)


Started GET "/assets/defaults.js" for 127.0.0.1 at 2011-12-05 23:37:32 -0600
Served asset /defaults.js - 404 Not Found (2ms)

ActionController::RoutingError (No route matches [GET] "/assets/defaults.js"):
  

Rendered /Users/zsherm/.rvm/gems/ruby-1.9.2-p290@subscripty/gems/actionpack-3.1.1/lib/action_dispatch/middleware/templates/rescues/routing_error.erb within rescues/layout (0.6ms)


Started GET "/assets/blueprint/screen.css?body=1" for 127.0.0.1 at 2011-12-05 23:37:32 -0600
Served asset /blueprint/screen.css - 304 Not Modified (0ms)


Started GET "/assets/custom.css?body=1" for 127.0.0.1 at 2011-12-05 23:37:32 -0600
Served asset /custom.css - 304 Not Modified (0ms)


Started GET "/assets/rails.png" for 127.0.0.1 at 2011-12-05 23:37:32 -0600
Served asset /rails.png - 304 Not Modified (0ms)


Started GET "/assets/blueprint/print.css?body=1" for 127.0.0.1 at 2011-12-05 23:37:32 -0600
Served asset /blueprint/print.css - 304 Not Modified (0ms)


Started GET "/" for 127.0.0.1 at 2011-12-05 23:44:54 -0600
  Processing by PagesController#home as HTML
Rendered pages/home.html.erb within layouts/application (0.2ms)
Rendered layouts/_stylesheets.html.erb (2.3ms)
Rendered layouts/_header.html.erb (12.5ms)
Rendered layouts/_footer.html.erb (0.8ms)
Completed 200 OK in 35ms (Views: 34.5ms | ActiveRecord: 0.0ms)


Started GET "/assets/defaults.js" for 127.0.0.1 at 2011-12-05 23:44:54 -0600
Served asset /defaults.js - 404 Not Found (2ms)

ActionController::RoutingError (No route matches [GET] "/assets/defaults.js"):
  

Rendered /Users/zsherm/.rvm/gems/ruby-1.9.2-p290@subscripty/gems/actionpack-3.1.1/lib/action_dispatch/middleware/templates/rescues/routing_error.erb within rescues/layout (0.9ms)


Started GET "/" for 127.0.0.1 at 2011-12-06 01:55:10 -0600
  Processing by PagesController#home as HTML
Rendered pages/home.html.erb within layouts/application (16.3ms)
Rendered layouts/_stylesheets.html.erb (53.1ms)
Rendered layouts/_header.html.erb (2.6ms)
Rendered layouts/_footer.html.erb (1.1ms)
Completed 200 OK in 274ms (Views: 273.6ms | ActiveRecord: 0.0ms)


Started GET "/assets/custom.css?body=1" for 127.0.0.1 at 2011-12-06 01:55:11 -0600
Served asset /custom.css - 304 Not Modified (0ms)


Started GET "/assets/defaults.js" for 127.0.0.1 at 2011-12-06 01:55:11 -0600
Served asset /defaults.js - 404 Not Found (3ms)

ActionController::RoutingError (No route matches [GET] "/assets/defaults.js"):
  

Rendered /Users/zsherm/.rvm/gems/ruby-1.9.2-p290@subscripty/gems/actionpack-3.1.1/lib/action_dispatch/middleware/templates/rescues/routing_error.erb within rescues/layout (0.6ms)


Started GET "/assets/blueprint/screen.css?body=1" for 127.0.0.1 at 2011-12-06 01:55:11 -0600
Served asset /blueprint/screen.css - 304 Not Modified (0ms)


Started GET "/assets/rails.png" for 127.0.0.1 at 2011-12-06 01:55:11 -0600
Served asset /rails.png - 304 Not Modified (32ms)


Started GET "/assets/blueprint/print.css?body=1" for 127.0.0.1 at 2011-12-06 01:55:11 -0600
Served asset /blueprint/print.css - 304 Not Modified (0ms)


Started GET "/users/sign_in" for 127.0.0.1 at 2011-12-06 01:55:13 -0600
  Processing by Devise::SessionsController#new as HTML
Rendered devise/shared/_links.erb (1.6ms)
Rendered devise/sessions/new.html.erb within layouts/application (5.5ms)
Rendered layouts/_stylesheets.html.erb (1.6ms)
Rendered layouts/_header.html.erb (1.8ms)
Rendered layouts/_footer.html.erb (0.6ms)
Completed 200 OK in 302ms (Views: 28.5ms | ActiveRecord: 129.7ms)


Started GET "/assets/defaults.js" for 127.0.0.1 at 2011-12-06 01:55:14 -0600
Served asset /defaults.js - 404 Not Found (2ms)

ActionController::RoutingError (No route matches [GET] "/assets/defaults.js"):
  

Rendered /Users/zsherm/.rvm/gems/ruby-1.9.2-p290@subscripty/gems/actionpack-3.1.1/lib/action_dispatch/middleware/templates/rescues/routing_error.erb within rescues/layout (1.9ms)


Started GET "/assets/blueprint/screen.css?body=1" for 127.0.0.1 at 2011-12-06 01:55:14 -0600
Served asset /blueprint/screen.css - 304 Not Modified (0ms)


Started GET "/assets/custom.css?body=1" for 127.0.0.1 at 2011-12-06 01:55:14 -0600
Served asset /custom.css - 304 Not Modified (0ms)


Started GET "/assets/rails.png" for 127.0.0.1 at 2011-12-06 01:55:14 -0600
Served asset /rails.png - 304 Not Modified (0ms)


Started GET "/assets/blueprint/print.css?body=1" for 127.0.0.1 at 2011-12-06 01:55:14 -0600
Served asset /blueprint/print.css - 304 Not Modified (0ms)


Started POST "/users/sign_in" for 127.0.0.1 at 2011-12-06 01:55:19 -0600
  Processing by Devise::SessionsController#create as HTML
  Parameters: {"utf8"=>"✓", "authenticity_token"=>"5O4sk08mvSjdUaEYRUZfejg/8TVcjSMZa6Kq2XVgs34=", "user"=>{"email"=>"zksherm@gmail.com", "password"=>"[FILTERED]", "remember_me"=>"0"}, "commit"=>"Sign in"}
  [1m[36mUser Load (75.4ms)[0m  [1mSELECT `users`.* FROM `users` WHERE `users`.`email` = 'zksherm@gmail.com' LIMIT 1[0m
  [1m[35m (0.3ms)[0m  BEGIN
  [1m[36m (45.8ms)[0m  [1mUPDATE `users` SET `last_sign_in_at` = '2011-12-03 01:23:35', `current_sign_in_at` = '2011-12-06 07:55:20', `sign_in_count` = 11, `updated_at` = '2011-12-06 07:55:20' WHERE `users`.`id` = 1[0m
  [1m[35m (49.7ms)[0m  COMMIT
Redirected to http://localhost:3000/
Completed 302 Found in 501ms


Started GET "/" for 127.0.0.1 at 2011-12-06 01:55:20 -0600
  Processing by PagesController#home as HTML
Rendered pages/home.html.erb within layouts/application (0.2ms)
Rendered layouts/_stylesheets.html.erb (1.7ms)
  [1m[36mUser Load (0.6ms)[0m  [1mSELECT `users`.* FROM `users` WHERE `users`.`id` = 1 LIMIT 1[0m
Rendered layouts/_header.html.erb (51.0ms)
Rendered layouts/_footer.html.erb (0.6ms)
Completed 200 OK in 66ms (Views: 39.1ms | ActiveRecord: 26.6ms)


Started GET "/assets/defaults.js" for 127.0.0.1 at 2011-12-06 01:55:20 -0600
Served asset /defaults.js - 404 Not Found (2ms)

ActionController::RoutingError (No route matches [GET] "/assets/defaults.js"):
  

Rendered /Users/zsherm/.rvm/gems/ruby-1.9.2-p290@subscripty/gems/actionpack-3.1.1/lib/action_dispatch/middleware/templates/rescues/routing_error.erb within rescues/layout (0.5ms)


Started GET "/assets/custom.css?body=1" for 127.0.0.1 at 2011-12-06 01:55:20 -0600
Served asset /custom.css - 304 Not Modified (0ms)


Started GET "/assets/blueprint/screen.css?body=1" for 127.0.0.1 at 2011-12-06 01:55:20 -0600
Served asset /blueprint/screen.css - 304 Not Modified (0ms)


Started GET "/assets/rails.png" for 127.0.0.1 at 2011-12-06 01:55:20 -0600
Served asset /rails.png - 304 Not Modified (0ms)


Started GET "/assets/blueprint/print.css?body=1" for 127.0.0.1 at 2011-12-06 01:55:20 -0600
Served asset /blueprint/print.css - 304 Not Modified (0ms)


Started GET "/" for 127.0.0.1 at 2011-12-06 01:55:28 -0600
  Processing by PagesController#home as HTML
Rendered pages/home.html.erb within layouts/application (0.1ms)
Rendered layouts/_stylesheets.html.erb (1.6ms)
  [1m[35mUser Load (0.5ms)[0m  SELECT `users`.* FROM `users` WHERE `users`.`id` = 1 LIMIT 1
Rendered layouts/_header.html.erb (74.3ms)
Rendered layouts/_footer.html.erb (0.5ms)
Completed 200 OK in 86ms (Views: 68.5ms | ActiveRecord: 17.1ms)


Started GET "/assets/defaults.js" for 127.0.0.1 at 2011-12-06 01:55:28 -0600
Served asset /defaults.js - 404 Not Found (2ms)

ActionController::RoutingError (No route matches [GET] "/assets/defaults.js"):
  

Rendered /Users/zsherm/.rvm/gems/ruby-1.9.2-p290@subscripty/gems/actionpack-3.1.1/lib/action_dispatch/middleware/templates/rescues/routing_error.erb within rescues/layout (0.7ms)


Started GET "/assets/custom.css?body=1" for 127.0.0.1 at 2011-12-06 01:55:28 -0600
Served asset /custom.css - 304 Not Modified (0ms)


Started GET "/assets/blueprint/screen.css?body=1" for 127.0.0.1 at 2011-12-06 01:55:28 -0600
Served asset /blueprint/screen.css - 304 Not Modified (0ms)


Started GET "/assets/rails.png" for 127.0.0.1 at 2011-12-06 01:55:28 -0600
Served asset /rails.png - 304 Not Modified (0ms)


Started GET "/assets/blueprint/print.css?body=1" for 127.0.0.1 at 2011-12-06 01:55:28 -0600
Served asset /blueprint/print.css - 304 Not Modified (0ms)


Started GET "/" for 127.0.0.1 at 2011-12-06 01:55:32 -0600
  Processing by PagesController#home as HTML
Rendered pages/home.html.erb within layouts/application (0.1ms)
Rendered layouts/_stylesheets.html.erb (1.5ms)
  [1m[36mUser Load (0.3ms)[0m  [1mSELECT `users`.* FROM `users` WHERE `users`.`id` = 1 LIMIT 1[0m
Rendered layouts/_header.html.erb (42.1ms)
Rendered layouts/_footer.html.erb (32.8ms)
Completed 200 OK in 85ms (Views: 66.0ms | ActiveRecord: 19.1ms)


Started GET "/assets/custom.css?body=1" for 127.0.0.1 at 2011-12-06 01:55:32 -0600
Served asset /custom.css - 304 Not Modified (0ms)


Started GET "/assets/defaults.js" for 127.0.0.1 at 2011-12-06 01:55:32 -0600
Served asset /defaults.js - 404 Not Found (2ms)

ActionController::RoutingError (No route matches [GET] "/assets/defaults.js"):
  

Rendered /Users/zsherm/.rvm/gems/ruby-1.9.2-p290@subscripty/gems/actionpack-3.1.1/lib/action_dispatch/middleware/templates/rescues/routing_error.erb within rescues/layout (0.6ms)


Started GET "/assets/blueprint/screen.css?body=1" for 127.0.0.1 at 2011-12-06 01:55:32 -0600
Served asset /blueprint/screen.css - 304 Not Modified (0ms)


Started GET "/assets/rails.png" for 127.0.0.1 at 2011-12-06 01:55:32 -0600
Served asset /rails.png - 304 Not Modified (0ms)


Started GET "/assets/blueprint/print.css?body=1" for 127.0.0.1 at 2011-12-06 01:55:32 -0600
Served asset /blueprint/print.css - 304 Not Modified (0ms)


Started GET "/about" for 127.0.0.1 at 2011-12-06 02:14:11 -0600
  Processing by PagesController#about as HTML
Rendered pages/about.html.erb within layouts/application (0.6ms)
Rendered layouts/_stylesheets.html.erb (1.9ms)
  [1m[35mUser Load (0.4ms)[0m  SELECT `users`.* FROM `users` WHERE `users`.`id` = 1 LIMIT 1
Rendered layouts/_header.html.erb (122.6ms)
Rendered layouts/_footer.html.erb (0.9ms)
Completed 200 OK in 178ms (Views: 83.8ms | ActiveRecord: 94.0ms)


Started GET "/assets/custom.css?body=1" for 127.0.0.1 at 2011-12-06 02:14:12 -0600
Served asset /custom.css - 304 Not Modified (0ms)


Started GET "/assets/blueprint/screen.css?body=1" for 127.0.0.1 at 2011-12-06 02:14:12 -0600
Served asset /blueprint/screen.css - 304 Not Modified (0ms)


Started GET "/assets/defaults.js" for 127.0.0.1 at 2011-12-06 02:14:12 -0600
Served asset /defaults.js - 404 Not Found (2ms)

ActionController::RoutingError (No route matches [GET] "/assets/defaults.js"):
  

Rendered /Users/zsherm/.rvm/gems/ruby-1.9.2-p290@subscripty/gems/actionpack-3.1.1/lib/action_dispatch/middleware/templates/rescues/routing_error.erb within rescues/layout (0.7ms)


Started GET "/assets/rails.png" for 127.0.0.1 at 2011-12-06 02:14:12 -0600
Served asset /rails.png - 304 Not Modified (0ms)


Started GET "/assets/blueprint/print.css?body=1" for 127.0.0.1 at 2011-12-06 02:14:12 -0600
Served asset /blueprint/print.css - 304 Not Modified (0ms)


Started GET "/contact" for 127.0.0.1 at 2011-12-06 02:14:14 -0600
  Processing by PagesController#contact as HTML
Rendered pages/contact.html.erb within layouts/application (0.5ms)
Rendered layouts/_stylesheets.html.erb (2.4ms)
  [1m[36mUser Load (0.3ms)[0m  [1mSELECT `users`.* FROM `users` WHERE `users`.`id` = 1 LIMIT 1[0m
Rendered layouts/_header.html.erb (51.6ms)
Rendered layouts/_footer.html.erb (0.7ms)
Completed 200 OK in 89ms (Views: 70.6ms | ActiveRecord: 18.0ms)


Started GET "/assets/defaults.js" for 127.0.0.1 at 2011-12-06 02:14:14 -0600
Served asset /defaults.js - 404 Not Found (2ms)

ActionController::RoutingError (No route matches [GET] "/assets/defaults.js"):
  

Rendered /Users/zsherm/.rvm/gems/ruby-1.9.2-p290@subscripty/gems/actionpack-3.1.1/lib/action_dispatch/middleware/templates/rescues/routing_error.erb within rescues/layout (0.5ms)


Started GET "/assets/blueprint/screen.css?body=1" for 127.0.0.1 at 2011-12-06 02:14:14 -0600
Served asset /blueprint/screen.css - 304 Not Modified (0ms)


Started GET "/assets/custom.css?body=1" for 127.0.0.1 at 2011-12-06 02:14:14 -0600
Served asset /custom.css - 304 Not Modified (0ms)


Started GET "/assets/rails.png" for 127.0.0.1 at 2011-12-06 02:14:15 -0600
Served asset /rails.png - 304 Not Modified (0ms)


Started GET "/assets/blueprint/print.css?body=1" for 127.0.0.1 at 2011-12-06 02:14:15 -0600
Served asset /blueprint/print.css - 304 Not Modified (0ms)


Started GET "/" for 127.0.0.1 at 2011-12-06 02:16:19 -0600
  Processing by PagesController#home as HTML
Rendered pages/home.html.erb within layouts/application (0.1ms)
Rendered layouts/_stylesheets.html.erb (1.6ms)
  [1m[35mUser Load (0.4ms)[0m  SELECT `users`.* FROM `users` WHERE `users`.`id` = 1 LIMIT 1
Rendered layouts/_header.html.erb (116.9ms)
Rendered layouts/_footer.html.erb (0.5ms)
Completed 200 OK in 151ms (Views: 99.2ms | ActiveRecord: 51.8ms)


Started GET "/assets/custom.css?body=1" for 127.0.0.1 at 2011-12-06 02:16:20 -0600
Served asset /custom.css - 304 Not Modified (0ms)


Started GET "/assets/defaults.js" for 127.0.0.1 at 2011-12-06 02:16:20 -0600
Served asset /defaults.js - 404 Not Found (2ms)

ActionController::RoutingError (No route matches [GET] "/assets/defaults.js"):
  

Rendered /Users/zsherm/.rvm/gems/ruby-1.9.2-p290@subscripty/gems/actionpack-3.1.1/lib/action_dispatch/middleware/templates/rescues/routing_error.erb within rescues/layout (0.7ms)


Started GET "/assets/blueprint/screen.css?body=1" for 127.0.0.1 at 2011-12-06 02:16:20 -0600
Served asset /blueprint/screen.css - 304 Not Modified (0ms)


Started GET "/assets/rails.png" for 127.0.0.1 at 2011-12-06 02:16:20 -0600
Served asset /rails.png - 304 Not Modified (0ms)


Started GET "/assets/blueprint/print.css?body=1" for 127.0.0.1 at 2011-12-06 02:16:20 -0600
Served asset /blueprint/print.css - 304 Not Modified (0ms)


Started GET "/" for 127.0.0.1 at 2011-12-09 23:16:19 -0600
  Processing by PagesController#home as HTML
Rendered pages/home.html.erb within layouts/application (13.2ms)
Rendered layouts/_stylesheets.html.erb (44.2ms)
Rendered layouts/_header.html.erb (3.0ms)
Rendered layouts/_footer.html.erb (0.9ms)
Completed 200 OK in 175ms (Views: 174.4ms | ActiveRecord: 0.0ms)


Started GET "/assets/custom.css?body=1" for 127.0.0.1 at 2011-12-09 23:16:20 -0600
Served asset /custom.css - 200 OK (0ms)


Started GET "/assets/blueprint/screen.css?body=1" for 127.0.0.1 at 2011-12-09 23:16:20 -0600
Served asset /blueprint/screen.css - 200 OK (0ms)


Started GET "/assets/defaults.js" for 127.0.0.1 at 2011-12-09 23:16:20 -0600
Served asset /defaults.js - 404 Not Found (2ms)

ActionController::RoutingError (No route matches [GET] "/assets/defaults.js"):
  

Rendered /Users/zsherm/.rvm/gems/ruby-1.9.2-p290@subscripty/gems/actionpack-3.1.1/lib/action_dispatch/middleware/templates/rescues/routing_error.erb within rescues/layout (0.8ms)


Started GET "/assets/rails.png" for 127.0.0.1 at 2011-12-09 23:16:20 -0600
Served asset /rails.png - 200 OK (9ms)


Started GET "/assets/blueprint/print.css?body=1" for 127.0.0.1 at 2011-12-09 23:16:20 -0600
Served asset /blueprint/print.css - 200 OK (0ms)


Started GET "/users/sign_in" for 127.0.0.1 at 2011-12-09 23:16:22 -0600
  Processing by Devise::SessionsController#new as HTML
Rendered devise/shared/_links.erb (2.4ms)
Rendered devise/sessions/new.html.erb within layouts/application (8.7ms)
Rendered layouts/_stylesheets.html.erb (1.9ms)
Rendered layouts/_header.html.erb (2.0ms)
Rendered layouts/_footer.html.erb (0.9ms)
Completed 200 OK in 241ms (Views: 36.8ms | ActiveRecord: 81.3ms)


Started GET "/assets/defaults.js" for 127.0.0.1 at 2011-12-09 23:16:23 -0600
Served asset /defaults.js - 404 Not Found (2ms)

ActionController::RoutingError (No route matches [GET] "/assets/defaults.js"):
  

Rendered /Users/zsherm/.rvm/gems/ruby-1.9.2-p290@subscripty/gems/actionpack-3.1.1/lib/action_dispatch/middleware/templates/rescues/routing_error.erb within rescues/layout (0.7ms)


Started POST "/users/sign_in" for 127.0.0.1 at 2011-12-09 23:16:28 -0600
  Processing by Devise::SessionsController#create as HTML
  Parameters: {"utf8"=>"✓", "authenticity_token"=>"0Fh/4DLMxClb5oB1RB5oGHg9YJtgZ0zN08mXBIEY5G4=", "user"=>{"email"=>"zksherm@gmail.com", "password"=>"[FILTERED]", "remember_me"=>"0"}, "commit"=>"Sign in"}
  [1m[36mUser Load (1.5ms)[0m  [1mSELECT `users`.* FROM `users` WHERE `users`.`email` = 'zksherm@gmail.com' LIMIT 1[0m
  [1m[35m (0.3ms)[0m  BEGIN
  [1m[36m (0.9ms)[0m  [1mUPDATE `users` SET `last_sign_in_at` = '2011-12-06 07:55:20', `current_sign_in_at` = '2011-12-10 05:16:29', `sign_in_count` = 12, `updated_at` = '2011-12-10 05:16:29' WHERE `users`.`id` = 1[0m
  [1m[35m (0.3ms)[0m  COMMIT
Redirected to http://localhost:3000/
Completed 302 Found in 300ms


Started GET "/" for 127.0.0.1 at 2011-12-09 23:16:29 -0600
  Processing by PagesController#home as HTML
Rendered pages/home.html.erb within layouts/application (0.3ms)
Rendered layouts/_stylesheets.html.erb (2.8ms)
  [1m[36mUser Load (0.4ms)[0m  [1mSELECT `users`.* FROM `users` WHERE `users`.`id` = 1 LIMIT 1[0m
Rendered layouts/_header.html.erb (53.0ms)
Rendered layouts/_footer.html.erb (0.7ms)
Completed 200 OK in 69ms (Views: 45.6ms | ActiveRecord: 23.2ms)


Started GET "/assets/defaults.js" for 127.0.0.1 at 2011-12-09 23:16:29 -0600
Served asset /defaults.js - 404 Not Found (3ms)

ActionController::RoutingError (No route matches [GET] "/assets/defaults.js"):
  

Rendered /Users/zsherm/.rvm/gems/ruby-1.9.2-p290@subscripty/gems/actionpack-3.1.1/lib/action_dispatch/middleware/templates/rescues/routing_error.erb within rescues/layout (0.9ms)


Started GET "/users" for 127.0.0.1 at 2011-12-09 23:16:32 -0600

ActionController::RoutingError (No route matches [GET] "/users"):
  

Rendered /Users/zsherm/.rvm/gems/ruby-1.9.2-p290@subscripty/gems/actionpack-3.1.1/lib/action_dispatch/middleware/templates/rescues/routing_error.erb within rescues/layout (0.6ms)


Started GET "/users/1" for 127.0.0.1 at 2011-12-09 23:16:34 -0600

ActionController::RoutingError (No route matches [GET] "/users/1"):
  

Rendered /Users/zsherm/.rvm/gems/ruby-1.9.2-p290@subscripty/gems/actionpack-3.1.1/lib/action_dispatch/middleware/templates/rescues/routing_error.erb within rescues/layout (0.8ms)
