Compiled application.js  (3ms)  (pid 73886)
Compiled jquery.js  (3ms)  (pid 73886)
Compiled jquery_ujs.js  (0ms)  (pid 73886)
Compiled courses.js  (94ms)  (pid 73886)
Compiled enrollments.js  (69ms)  (pid 73886)
Compiled pages.js  (70ms)  (pid 73886)
Compiled relationships.js  (70ms)  (pid 73886)
Compiled users.js  (72ms)  (pid 73886)
Compiled application.css  (9ms)  (pid 73886)
Compiled blueprint/ie.css  (0ms)  (pid 73886)
Compiled blueprint/plugins/buttons/screen.css  (0ms)  (pid 73886)
Compiled blueprint/plugins/fancy-type/screen.css  (0ms)  (pid 73886)
Compiled blueprint/plugins/link-icons/screen.css  (0ms)  (pid 73886)
Compiled blueprint/plugins/rtl/screen.css  (0ms)  (pid 73886)
Compiled blueprint/print.css  (0ms)  (pid 73886)
Compiled blueprint/screen.css  (0ms)  (pid 73886)
Compiled blueprint/src/forms.css  (0ms)  (pid 73886)
Compiled blueprint/src/grid.css  (0ms)  (pid 73886)
Compiled blueprint/src/ie.css  (0ms)  (pid 73886)
Compiled blueprint/src/print.css  (0ms)  (pid 73886)
Compiled blueprint/src/reset.css  (0ms)  (pid 73886)
Compiled blueprint/src/typography.css  (0ms)  (pid 73886)
Compiled courses.css  (17ms)  (pid 73886)
Compiled custom.css  (0ms)  (pid 73886)
Compiled enrollments.css  (6ms)  (pid 73886)
Compiled pages.css  (6ms)  (pid 73886)
Compiled relationships.css  (6ms)  (pid 73886)
Compiled users.css  (6ms)  (pid 73886)
Compiled application.js  (19ms)  (pid 73868)
Compiled jquery.js  (24ms)  (pid 73868)
Compiled jquery_ujs.js  (0ms)  (pid 73868)
Compiled courses.js  (363ms)  (pid 73868)
Compiled enrollments.js  (83ms)  (pid 73868)
Compiled pages.js  (87ms)  (pid 73868)
Compiled relationships.js  (96ms)  (pid 73868)
Compiled users.js  (94ms)  (pid 73868)
Compiled application.css  (44ms)  (pid 73868)
Compiled blueprint/ie.css  (5ms)  (pid 73868)
Compiled blueprint/plugins/buttons/screen.css  (0ms)  (pid 73868)
Compiled blueprint/plugins/fancy-type/screen.css  (0ms)  (pid 73868)
Compiled blueprint/plugins/link-icons/screen.css  (0ms)  (pid 73868)
Compiled blueprint/plugins/rtl/screen.css  (0ms)  (pid 73868)
Compiled blueprint/print.css  (0ms)  (pid 73868)
Compiled blueprint/screen.css  (0ms)  (pid 73868)
Compiled blueprint/src/forms.css  (0ms)  (pid 73868)
Compiled blueprint/src/grid.css  (0ms)  (pid 73868)
Compiled blueprint/src/ie.css  (0ms)  (pid 73868)
Compiled blueprint/src/print.css  (0ms)  (pid 73868)
Compiled blueprint/src/reset.css  (0ms)  (pid 73868)
Compiled blueprint/src/typography.css  (16ms)  (pid 73868)
Compiled courses.css  (46ms)  (pid 73868)
Compiled custom.css  (0ms)  (pid 73868)
Compiled enrollments.css  (36ms)  (pid 73868)
Compiled pages.css  (6ms)  (pid 73868)
Compiled relationships.css  (15ms)  (pid 73868)
Compiled users.css  (17ms)  (pid 73868)
Compiled application.js  (3ms)  (pid 10545)
Compiled jquery.js  (41ms)  (pid 10545)
Compiled jquery_ujs.js  (0ms)  (pid 10545)
Compiled courses.js  (111ms)  (pid 10545)
Compiled enrollments.js  (235ms)  (pid 10545)
Compiled pages.js  (96ms)  (pid 10545)
Compiled relationships.js  (154ms)  (pid 10545)
Compiled users.js  (92ms)  (pid 10545)
Compiled application.css  (32ms)  (pid 10545)
Compiled blueprint/ie.css  (9ms)  (pid 10545)
Compiled blueprint/plugins/buttons/screen.css  (11ms)  (pid 10545)
Compiled blueprint/plugins/fancy-type/screen.css  (0ms)  (pid 10545)
Compiled blueprint/plugins/link-icons/screen.css  (15ms)  (pid 10545)
Compiled blueprint/plugins/rtl/screen.css  (16ms)  (pid 10545)
Compiled blueprint/print.css  (1ms)  (pid 10545)
Compiled blueprint/screen.css  (4ms)  (pid 10545)
Compiled blueprint/src/forms.css  (6ms)  (pid 10545)
Compiled blueprint/src/grid.css  (5ms)  (pid 10545)
Compiled blueprint/src/ie.css  (11ms)  (pid 10545)
Compiled blueprint/src/print.css  (19ms)  (pid 10545)
Compiled blueprint/src/reset.css  (3ms)  (pid 10545)
Compiled blueprint/src/typography.css  (9ms)  (pid 10545)
Compiled courses.css  (44ms)  (pid 10545)
Compiled custom.css  (0ms)  (pid 10545)
Compiled enrollments.css  (29ms)  (pid 10545)
Compiled pages.css  (25ms)  (pid 10545)
Compiled relationships.css  (21ms)  (pid 10545)
Compiled users.css  (23ms)  (pid 10545)
Compiled application.js  (16ms)  (pid 10521)
Compiled jquery.js  (15ms)  (pid 10521)
Compiled jquery_ujs.js  (19ms)  (pid 10521)
Compiled courses.js  (237ms)  (pid 10521)
Compiled enrollments.js  (79ms)  (pid 10521)
Compiled pages.js  (82ms)  (pid 10521)
Compiled relationships.js  (155ms)  (pid 10521)
Compiled users.js  (79ms)  (pid 10521)
Compiled application.css  (35ms)  (pid 10521)
Compiled blueprint/ie.css  (0ms)  (pid 10521)
Compiled blueprint/plugins/buttons/screen.css  (0ms)  (pid 10521)
Compiled blueprint/plugins/fancy-type/screen.css  (0ms)  (pid 10521)
Compiled blueprint/plugins/link-icons/screen.css  (0ms)  (pid 10521)
Compiled blueprint/plugins/rtl/screen.css  (5ms)  (pid 10521)
Compiled blueprint/print.css  (0ms)  (pid 10521)
Compiled blueprint/screen.css  (12ms)  (pid 10521)
Compiled blueprint/src/forms.css  (0ms)  (pid 10521)
Compiled blueprint/src/grid.css  (0ms)  (pid 10521)
Compiled blueprint/src/ie.css  (0ms)  (pid 10521)
Compiled blueprint/src/print.css  (0ms)  (pid 10521)
Compiled blueprint/src/reset.css  (0ms)  (pid 10521)
Compiled blueprint/src/typography.css  (0ms)  (pid 10521)
Compiled courses.css  (56ms)  (pid 10521)
Compiled custom.css  (0ms)  (pid 10521)
Compiled enrollments.css  (18ms)  (pid 10521)
Compiled pages.css  (19ms)  (pid 10521)
Compiled relationships.css  (19ms)  (pid 10521)
Compiled users.css  (21ms)  (pid 10521)
Compiled application.js  (3ms)  (pid 14712)
Compiled jquery.js  (4ms)  (pid 14712)
Compiled jquery_ujs.js  (0ms)  (pid 14712)
Compiled courses.js  (74ms)  (pid 14712)
Compiled enrollments.js  (70ms)  (pid 14712)
Compiled pages.js  (121ms)  (pid 14712)
Compiled relationships.js  (72ms)  (pid 14712)
Compiled users.js  (70ms)  (pid 14712)
Compiled application.css  (10ms)  (pid 14712)
Compiled blueprint/ie.css  (0ms)  (pid 14712)
Compiled blueprint/plugins/buttons/screen.css  (0ms)  (pid 14712)
Compiled blueprint/plugins/fancy-type/screen.css  (0ms)  (pid 14712)
Compiled blueprint/plugins/link-icons/screen.css  (0ms)  (pid 14712)
Compiled blueprint/plugins/rtl/screen.css  (0ms)  (pid 14712)
Compiled blueprint/print.css  (0ms)  (pid 14712)
Compiled blueprint/screen.css  (0ms)  (pid 14712)
Compiled blueprint/src/forms.css  (0ms)  (pid 14712)
Compiled blueprint/src/grid.css  (0ms)  (pid 14712)
Compiled blueprint/src/ie.css  (0ms)  (pid 14712)
Compiled blueprint/src/print.css  (0ms)  (pid 14712)
Compiled blueprint/src/reset.css  (0ms)  (pid 14712)
Compiled blueprint/src/typography.css  (0ms)  (pid 14712)
Compiled courses.css  (17ms)  (pid 14712)
Compiled custom.css  (0ms)  (pid 14712)
Compiled enrollments.css  (6ms)  (pid 14712)
Compiled pages.css  (5ms)  (pid 14712)
Compiled relationships.css  (6ms)  (pid 14712)
Compiled users.css  (6ms)  (pid 14712)
Compiled application.js  (5ms)  (pid 14690)
Compiled jquery.js  (18ms)  (pid 14690)
Compiled jquery_ujs.js  (0ms)  (pid 14690)
Compiled courses.js  (133ms)  (pid 14690)
Compiled enrollments.js  (129ms)  (pid 14690)
Compiled pages.js  (87ms)  (pid 14690)
Compiled relationships.js  (77ms)  (pid 14690)
Compiled users.js  (89ms)  (pid 14690)
Compiled application.css  (10ms)  (pid 14690)
Compiled blueprint/ie.css  (0ms)  (pid 14690)
Compiled blueprint/plugins/buttons/screen.css  (0ms)  (pid 14690)
Compiled blueprint/plugins/fancy-type/screen.css  (1ms)  (pid 14690)
Compiled blueprint/plugins/link-icons/screen.css  (39ms)  (pid 14690)
Compiled blueprint/plugins/rtl/screen.css  (12ms)  (pid 14690)
Compiled blueprint/print.css  (0ms)  (pid 14690)
Compiled blueprint/screen.css  (0ms)  (pid 14690)
Compiled blueprint/src/forms.css  (0ms)  (pid 14690)
Compiled blueprint/src/grid.css  (0ms)  (pid 14690)
Compiled blueprint/src/ie.css  (15ms)  (pid 14690)
Compiled blueprint/src/print.css  (0ms)  (pid 14690)
Compiled blueprint/src/reset.css  (0ms)  (pid 14690)
Compiled blueprint/src/typography.css  (0ms)  (pid 14690)
Compiled courses.css  (49ms)  (pid 14690)
Compiled custom.css  (0ms)  (pid 14690)
Compiled enrollments.css  (32ms)  (pid 14690)
Compiled pages.css  (40ms)  (pid 14690)
Compiled relationships.css  (18ms)  (pid 14690)
Compiled users.css  (18ms)  (pid 14690)
Compiled application.js  (3ms)  (pid 15015)
Compiled jquery.js  (3ms)  (pid 15015)
Compiled jquery_ujs.js  (0ms)  (pid 15015)
Compiled courses.js  (74ms)  (pid 15015)
Compiled enrollments.js  (69ms)  (pid 15015)
Compiled pages.js  (120ms)  (pid 15015)
Compiled relationships.js  (73ms)  (pid 15015)
Compiled users.js  (69ms)  (pid 15015)
Compiled application.css  (13ms)  (pid 15015)
Compiled blueprint/ie.css  (0ms)  (pid 15015)
Compiled blueprint/plugins/buttons/screen.css  (0ms)  (pid 15015)
Compiled blueprint/plugins/fancy-type/screen.css  (0ms)  (pid 15015)
Compiled blueprint/plugins/link-icons/screen.css  (0ms)  (pid 15015)
Compiled blueprint/plugins/rtl/screen.css  (0ms)  (pid 15015)
Compiled blueprint/print.css  (0ms)  (pid 15015)
Compiled blueprint/screen.css  (0ms)  (pid 15015)
Compiled blueprint/src/forms.css  (0ms)  (pid 15015)
Compiled blueprint/src/grid.css  (0ms)  (pid 15015)
Compiled blueprint/src/ie.css  (0ms)  (pid 15015)
Compiled blueprint/src/print.css  (0ms)  (pid 15015)
Compiled blueprint/src/reset.css  (0ms)  (pid 15015)
Compiled blueprint/src/typography.css  (0ms)  (pid 15015)
Compiled courses.css  (19ms)  (pid 15015)
Compiled custom.css  (0ms)  (pid 15015)
Compiled enrollments.css  (8ms)  (pid 15015)
Compiled pages.css  (5ms)  (pid 15015)
Compiled relationships.css  (8ms)  (pid 15015)
Compiled users.css  (8ms)  (pid 15015)
Compiled application.js  (3ms)  (pid 14997)
Compiled jquery.js  (3ms)  (pid 14997)
Compiled jquery_ujs.js  (0ms)  (pid 14997)
Compiled courses.js  (74ms)  (pid 14997)
Compiled enrollments.js  (70ms)  (pid 14997)
Compiled pages.js  (68ms)  (pid 14997)
Compiled relationships.js  (71ms)  (pid 14997)
Compiled users.js  (71ms)  (pid 14997)
Compiled application.css  (11ms)  (pid 14997)
Compiled blueprint/ie.css  (0ms)  (pid 14997)
Compiled blueprint/plugins/buttons/screen.css  (0ms)  (pid 14997)
Compiled blueprint/plugins/fancy-type/screen.css  (0ms)  (pid 14997)
Compiled blueprint/plugins/link-icons/screen.css  (0ms)  (pid 14997)
Compiled blueprint/plugins/rtl/screen.css  (0ms)  (pid 14997)
Compiled blueprint/print.css  (0ms)  (pid 14997)
Compiled blueprint/screen.css  (0ms)  (pid 14997)
Compiled blueprint/src/forms.css  (0ms)  (pid 14997)
Compiled blueprint/src/grid.css  (0ms)  (pid 14997)
Compiled blueprint/src/ie.css  (0ms)  (pid 14997)
Compiled blueprint/src/print.css  (0ms)  (pid 14997)
Compiled blueprint/src/reset.css  (0ms)  (pid 14997)
Compiled blueprint/src/typography.css  (0ms)  (pid 14997)
Compiled courses.css  (16ms)  (pid 14997)
Compiled custom.css  (0ms)  (pid 14997)
Compiled enrollments.css  (6ms)  (pid 14997)
Compiled pages.css  (5ms)  (pid 14997)
Compiled relationships.css  (5ms)  (pid 14997)
Compiled users.css  (5ms)  (pid 14997)
